Log file open, 04/12/16 19:17:07
LogInit:Display: Running engine for game: UnrealProject
LogPlatformFile: Not using cached read wrapper
LogInit:Display: RandInit(1685173971) SRandInit(1685173972).
LogTaskGraph: Started task graph with 4 named threads and 7 total threads.
LogStats: Stats thread started at 0.073804
LogInit:Warning: Incompatible or missing module: UE4Editor-UnrealProject.dll
Running C:/Program Files (x86)/Epic Games/4.11/Engine/Binaries/DotNET/UnrealBuildTool.exe UnrealProject Development Win64 -project="C:/Users/TENORIO.thales/Desktop/Panopticon/Panopticon/UnrealProject/UnrealProject.uproject" -editorrecompile -progress -noubtmakefiles -NoHotReloadFromIDE -2015
@progress push 5%
@progress pop
Performing 9 actions (4 in parallel)
[3/9] Resource ModuleVersionResource.rc.inl
[2/9] Resource PCLaunch.rc
PCH.UnrealProject.h.cpp
BubblesGenerator.cpp
UnrealProject.generated.cpp
CityMap.cpp
UnrealProjectGameMode.cpp
UnrealProject.cpp
[9/9] Link UE4Editor-UnrealProject.dll
   Cr?ation de la biblioth?que C:\Users\TENORIO.thales\Desktop\Panopticon\Panopticon\UnrealProject\Intermediate\Build\Win64\UE4Editor\Development\UE4Editor-UnrealProject.lib et de l'objet C:\Users\TENORIO.thales\Desktop\Panopticon\Panopticon\UnrealProject\Intermediate\Build\Win64\UE4Editor\Development\UE4Editor-UnrealProject.exp
-------- End Detailed Actions Stats -----------------------------------------------------------
Total build time: 28,56 seconds
LogInit: Version: 4.11.1-2934540+++UE4+Release-4.11
LogInit: API Version: 2927265
LogInit: Compiled (64-bit): Apr  6 2016 02:14:16
LogInit: Compiled with Visual C++: 19.00.23026.00
LogInit: Build Configuration: Development
LogInit: Branch Name: ++UE4+Release-4.11
LogInit: Command line: -EpicPortal 
LogInit: Base directory: C:/Program Files (x86)/Epic Games/4.11/Engine/Binaries/Win64/
LogInit: Installed Engine Build: 1
LogInit: Using libcurl 7.41.0
LogInit:  - built for x86_64-pc-win32
LogInit:  - supports SSL with WinSSL
LogInit:  - other features:
LogInit:      CURL_VERSION_SSL
LogInit:      CURL_VERSION_IPV6
LogInit:      CURL_VERSION_ASYNCHDNS
LogInit:      CURL_VERSION_LARGEFILE
LogInit:      CURL_VERSION_IDN
LogInit:  CurlRequestOptions (configurable via config and command line):
LogInit:  - bVerifyPeer = true  - Libcurl will verify peer certificate
LogInit:  - bUseHttpProxy = false  - Libcurl will NOT use HTTP proxy
LogInit:  - bDontReuseConnections = false  - Libcurl will reuse connections
LogInit:  - CertBundlePath = nullptr  - Libcurl will use whatever was configured at build time.
LogInit: Presizing for max 16777216 objects, including 0 objects not considered by GC, pre-allocating 0 bytes for permanent pool.
LogInit: Object subsystem initialized
[2016.04.12-17.17.37:885][  0]LogInit: Selected Device Profile: [Windows]
[2016.04.12-17.17.37:885][  0]LogInit: Applying CVar settings loaded from the selected device profile: [Windows]
[2016.04.12-17.17.37:893][  0]LogInit: Computer: JMIN-D1441
[2016.04.12-17.17.37:893][  0]LogInit: User: TENORIOthales
[2016.04.12-17.17.37:893][  0]LogInit: CPU Page size=65536, Cores=4
[2016.04.12-17.17.37:893][  0]LogInit: High frequency timer resolution =3.513588 MHz
[2016.04.12-17.17.37:893][  0]LogMemory: Memory total: Physical=15.9GB (16GB approx)
[2016.04.12-17.17.37:893][  0]LogMemory: Platform Memory Stats for Windows
[2016.04.12-17.17.37:893][  0]LogMemory: Process Physical Memory: 314.25 MB used, 314.25 MB peak
[2016.04.12-17.17.37:893][  0]LogMemory: Process Virtual Memory: 315.56 MB used, 315.56 MB peak
[2016.04.12-17.17.37:893][  0]LogMemory: Physical Memory: 5338.79 MB used, 16319.46 MB total
[2016.04.12-17.17.37:893][  0]LogMemory: Virtual Memory: 650.33 MB used, 134217728.00 MB total
[2016.04.12-17.17.37:918][  0]LogTextLocalizationManager: No translations for ('fr-FR') exist, falling back to 'en' for localization and internationalization data.
[2016.04.12-17.17.38:241][  0]LogD3D11RHI: D3D11 adapters:
[2016.04.12-17.17.38:257][  0]LogD3D11RHI:    0. 'NVIDIA Quadro K2200' (Feature Level 11_0)
[2016.04.12-17.17.38:257][  0]LogD3D11RHI:       4002MB of dedicated video memory, 0MB of dedicated system memory, and 8159MB of shared system memory, 1 output[s]
[2016.04.12-17.17.38:258][  0]LogD3D11RHI:    1. 'Microsoft Basic Render Driver' (Feature Level 11_0)
[2016.04.12-17.17.38:258][  0]LogD3D11RHI:       0MB of dedicated video memory, 0MB of dedicated system memory, and 256MB of shared system memory, 0 output[s]
[2016.04.12-17.17.38:258][  0]LogD3D11RHI: Chosen D3D11 Adapter: 0
[2016.04.12-17.17.38:261][  0]LogD3D11RHI: Creating new Direct3DDevice
[2016.04.12-17.17.38:261][  0]LogD3D11RHI:     Adapter Name: NVIDIA Quadro K2200
[2016.04.12-17.17.38:261][  0]LogD3D11RHI:   Driver Version: Unknown (internal Unknown)
[2016.04.12-17.17.38:261][  0]LogD3D11RHI:      Driver Date: Unknown
[2016.04.12-17.17.38:261][  0]LogRHI: Texture pool is 1361 MB (70% of 1945 MB)
[2016.04.12-17.17.38:270][  0]LogD3D11RHI: Async texture creation enabled
[2016.04.12-17.17.38:286][  0]LogShaderCompilers: Guid format shader working directory is -29 characters bigger than the processId version (../../../../../../Users/TENORIO.thales/Desktop/Panopticon/Panopticon/UnrealProject/Intermediate/Shaders/WorkingDirectory/5628/).
[2016.04.12-17.17.38:286][  0]LogShaderCompilers: Cleaned the shader compiler working directory 'C:/Users/TENORI~1.THA/AppData/Local/Temp/UnrealShaderWorkingDir/02D4B23F48BD416F0FF6F182BBACAEC4/'.
[2016.04.12-17.17.38:286][  0]LogShaderCompilers:Display: Using Local Shader Compiler.
[2016.04.12-17.17.39:084][  0]LogTemp:Display: Loaded TP AllDesktopTargetPlatform
[2016.04.12-17.17.39:088][  0]LogTemp:Display: Loaded TP WindowsClientTargetPlatform
[2016.04.12-17.17.39:093][  0]LogTemp:Display: Loaded TP WindowsNoEditorTargetPlatform
[2016.04.12-17.17.39:097][  0]LogTemp:Display: Loaded TP WindowsServerTargetPlatform
[2016.04.12-17.17.39:101][  0]LogTemp:Display: Loaded TP WindowsTargetPlatform
[2016.04.12-17.17.39:105][  0]LogTemp:Display: Loaded TP AndroidTargetPlatform
[2016.04.12-17.17.39:108][  0]LogTemp:Display: Loaded TP Android_ASTCTargetPlatform
[2016.04.12-17.17.39:111][  0]LogTemp:Display: Loaded TP Android_ATCTargetPlatform
[2016.04.12-17.17.39:114][  0]LogTemp:Display: Loaded TP Android_DXTTargetPlatform
[2016.04.12-17.17.39:117][  0]LogTemp:Display: Loaded TP Android_ETC1TargetPlatform
[2016.04.12-17.17.39:119][  0]LogTemp:Display: Loaded TP Android_ETC2TargetPlatform
[2016.04.12-17.17.39:125][  0]LogTemp:Display: Loaded TP Android_MultiTargetPlatform
[2016.04.12-17.17.39:125][  0]LogTemp:Display: Loaded TP Android_PVRTCTargetPlatform
[2016.04.12-17.17.39:126][  0]LogTemp:Display: Loaded TP HTML5TargetPlatform
[2016.04.12-17.17.39:143][  0]LogTemp:Display: Loaded TP IOSTargetPlatform
[2016.04.12-17.17.39:145][  0]LogTemp:Display: Loaded TP TVOSTargetPlatform
[2016.04.12-17.17.39:147][  0]LogTemp:Display: Loaded TP LinuxNoEditorTargetPlatform
[2016.04.12-17.17.39:150][  0]LogTemp:Display: Loaded TP LinuxServerTargetPlatform
[2016.04.12-17.17.39:153][  0]LogTemp:Display: Loaded TP LinuxTargetPlatform
[2016.04.12-17.17.39:153][  0]LogTargetPlatformManager:Display: Building Assets For Windows
[2016.04.12-17.17.39:221][  0]LogDerivedDataCache:Display: Max Cache Size: 512 MB
[2016.04.12-17.17.39:259][  0]LogDerivedDataCache: Loaded boot cache 0.04s 46MB C:/Users/TENORIO.thales/AppData/Local/UnrealEngine/4.11/DerivedDataCache/Boot.ddc.
[2016.04.12-17.17.39:259][  0]LogDerivedDataCache:Display: Loaded Boot cache: C:/Users/TENORIO.thales/AppData/Local/UnrealEngine/4.11/DerivedDataCache/Boot.ddc
[2016.04.12-17.17.39:259][  0]LogDerivedDataCache: FDerivedDataBackendGraph:  Pak pak cache file ../../../../../../Users/TENORIO.thales/Desktop/Panopticon/Panopticon/UnrealProject/DerivedDataCache/DDC.ddp not found, will not use a pak cache.
[2016.04.12-17.17.39:259][  0]LogDerivedDataCache: Unable to find inner node Pak for hierarchical cache Hierarchy.
[2016.04.12-17.17.39:259][  0]LogDerivedDataCache: FDerivedDataBackendGraph:  CompressedPak pak cache file ../../../../../../Users/TENORIO.thales/Desktop/Panopticon/Panopticon/UnrealProject/DerivedDataCache/Compressed.ddp not found, will not use a pak cache.
[2016.04.12-17.17.39:259][  0]LogDerivedDataCache: Unable to find inner node CompressedPak for hierarchical cache Hierarchy.
[2016.04.12-17.17.39:270][  0]LogDerivedDataCache:Display: Pak cache opened for reading ../../../Engine/DerivedDataCache/Compressed.ddp.
[2016.04.12-17.17.39:282][  0]LogDerivedDataCache: Using Local data cache path C:/Users/TENORIO.thales/AppData/Local/UnrealEngine/Common/DerivedDataCache: Writable
[2016.04.12-17.17.39:410][  0]LogInit: Selected Device Profile: [Windows]
[2016.04.12-17.17.39:411][  0]LogContentStreaming: Texture pool size is 0.00 MB
[2016.04.12-17.17.39:437][  0]LogMaterial: Uniform references updated for custom material expression Custom.
[2016.04.12-17.17.39:553][  0]LogMeshUtilities: No automatic mesh reduction module available
[2016.04.12-17.17.39:553][  0]LogMeshUtilities: No automatic mesh merging module available
[2016.04.12-17.17.39:553][  0]LogMeshUtilities: No distributed automatic mesh merging module available
[2016.04.12-17.17.39:762][  0]LogUObjectArray: 27678 objects as part of root set at end of initial load.
[2016.04.12-17.17.39:762][  0]LogUObjectAllocator: 5591392 out of 0 bytes used by permanent object pool.
[2016.04.12-17.17.39:762][  0]LogUObjectArray: CloseDisregardForGC: 0/0 objects in disregard for GC pool
[2016.04.12-17.17.39:770][  0]LogInit: WinSock: version 1.1 (2.2), MaxSocks=32767, MaxUdp=65467
[2016.04.12-17.17.39:861][  0]LogSlate: SlateFontCache - WITH_FREETYPE: 1, WITH_HARFBUZZ: 1
[2016.04.12-17.17.39:861][  0]LogSlate: SlateFontCache - WITH_FREETYPE: 1, WITH_HARFBUZZ: 1
[2016.04.12-17.17.39:935][  0]LogStreaming:Warning: Failed to read file '../../../Engine/Content/Editor/Slate/Common/Selection_16x.png' error.
[2016.04.12-17.17.39:935][  0]LogSlate: Could not find file for Slate resource: ../../../Engine/Content/Editor/Slate/Common/Selection_16x.png
[2016.04.12-17.17.39:935][  0]LogStreaming:Warning: Failed to read file '../../../Engine/Content/Editor/Slate/Common/Selection_16x.png' error.
[2016.04.12-17.17.39:935][  0]LogSlate: Could not find file for Slate resource: ../../../Engine/Content/Editor/Slate/Common/Selection_16x.png
[2016.04.12-17.17.39:935][  0]LogStreaming:Warning: Failed to read file '../../../Engine/Content/Editor/Slate/Common/Selection_16x.png' error.
[2016.04.12-17.17.39:935][  0]LogSlate: Could not find file for Slate resource: ../../../Engine/Content/Editor/Slate/Common/Selection_16x.png
[2016.04.12-17.17.40:399][  0]LogUdpMessaging: Initializing bridge on interface 0.0.0.0:0 to multicast group 230.0.0.1:6666.
[2016.04.12-17.17.40:627][  0]LogAssetRegistry: FAssetRegistry took 0.0222 seconds to start up
[2016.04.12-17.17.40:753][  0]SourceControl: Info Source control is disabled
[2016.04.12-17.17.40:796][  0]SourceControl: Info Source control is disabled
[2016.04.12-17.17.40:805][  0]SourceControl: Info Source control is disabled
[2016.04.12-17.17.40:814][  0]SourceControl: Info Source control is disabled
[2016.04.12-17.17.40:982][  0]LogEngine: Initializing Engine...
[2016.04.12-17.17.40:982][  0]LogHMD: SteamVR failed to initialize.  Err: 110
[2016.04.12-17.17.40:983][  0]LogHMD: SteamVR failed to initialize.  Err: 110
[2016.04.12-17.17.41:090][  0]LogAIModule: Creating AISystem for world NewWorld
[2016.04.12-17.17.41:094][  0]LogInit: XAudio2 using 'PB248-C (NVIDIA High Definition Audio)' : 2 channels at 48 kHz using 16 bits per sample (channel mask 0x3)
[2016.04.12-17.17.41:103][  0]LogInit: FAudioDevice initialized.
[2016.04.12-17.17.41:122][  0]LogDerivedDataCache: Saved boot cache 0.02s 46MB C:/Users/TENORIO.thales/AppData/Local/UnrealEngine/4.11/DerivedDataCache/Boot.ddc.
[2016.04.12-17.17.41:125][  0]LogInit: Texture streaming: Enabled
[2016.04.12-17.17.41:182][  0]LogInit: Transaction tracking system initialized
[2016.04.12-17.17.41:205][  0]BlueprintLog: New page: Editor Load
[2016.04.12-17.17.41:289][  0]LocalizationService: Info Localization service is disabled
[2016.04.12-17.17.41:347][  0]LogConsoleResponse:Display: 
[2016.04.12-17.17.41:496][  0]LogFileCache: Scanning file cache for directory 'C:/Users/TENORIO.thales/Desktop/Panopticon/Panopticon/UnrealProject/Content/' took 0.02s
[2016.04.12-17.17.41:496][  0]LogCook:Display: Max memory allowance for cook 8192mb
[2016.04.12-17.17.41:496][  0]LogCook:Display: Mobile HDR setting 1
[2016.04.12-17.17.41:496][  0]LogCook:Display: Done creating registry. It took  0.00s.
[2016.04.12-17.17.41:548][  0]SourceControl: Info Source control is disabled
[2016.04.12-17.17.41:548][  0]Cmd: MAP LOAD FILE="../../../Engine/Content/Maps/Templates/Template_Default.umap" TEMPLATE=1 SHOWPROGRESS=1 FEATURELEVEL=3
[2016.04.12-17.17.41:548][  0]LightingResults: New page: Lighting Build
[2016.04.12-17.17.41:551][  0]MapCheck: New page: Map Check
[2016.04.12-17.17.41:551][  0]LightingResults: New page: Lighting Build
[2016.04.12-17.17.41:724][  0]LogAIModule: Creating AISystem for world Untitled_1
[2016.04.12-17.17.41:728][  0]LogEditorServer: Finished looking for orphan Actors (0.000 secs)
[2016.04.12-17.17.41:732][  0]Cmd: MAP CHECKDEP NOCLEARLOG
[2016.04.12-17.17.41:760][  0]MapCheck: Info Map check complete: 0 Error(s), 0 Warning(s), took 28.784ms to complete.
[2016.04.12-17.17.41:761][  0]LogFileHelpers: Loading map 'Template_Default' took 0.213
[2016.04.12-17.17.42:458][  0]LogCollectionManager: Loaded 0 collections in 0.001652 seconds
[2016.04.12-17.17.42:735][  0]LogFileCache: Scanning file cache for directory 'C:/Users/TENORIO.thales/Desktop/Panopticon/Panopticon/UnrealProject/Saved/Collections/' took 0.01s
[2016.04.12-17.17.42:735][  0]LogFileCache: Scanning file cache for directory 'C:/Users/TENORIO.thales/Desktop/Panopticon/Panopticon/UnrealProject/Content/Developers/TENORIOthales/Collections/' took 0.01s
[2016.04.12-17.17.42:735][  0]LogFileCache: Scanning file cache for directory 'C:/Users/TENORIO.thales/Desktop/Panopticon/Panopticon/UnrealProject/Content/Collections/' took 0.01s
[2016.04.12-17.17.42:735][  0]LogCollectionManager: Rebuilt the GUID cache for 0 collections in 0.000002 seconds
[2016.04.12-17.17.42:773][  0]LogContentBrowser: Native class hierarchy populated in 0.0226 seconds. Added 1982 classes and 345 folders.
[2016.04.12-17.17.42:910][  0]LogStats: UGameplayTagsManager::ConstructGameplayTagTree: Construct from data asset -  0.000 s
[2016.04.12-17.17.42:910][  0]LogStats: UGameplayTagsManager::ConstructGameplayTagTree: GameplayTagTreeChangedEvent.Broadcast -  0.000 s
[2016.04.12-17.17.42:911][  0]LogContentBrowser: Native class hierarchy updated for 'GameplayTags' in 0.0010 seconds. Added 12 classes and 0 folders.
[2016.04.12-17.17.42:964][  0]LogContentBrowser: Native class hierarchy updated for 'WidgetCarousel' in 0.0010 seconds. Added 0 classes and 0 folders.
[2016.04.12-17.17.43:083][  0]LogContentBrowser: Native class hierarchy updated for 'SuperSearch' in 0.0009 seconds. Added 1 classes and 2 folders.
[2016.04.12-17.17.43:222][  0]LogContentBrowser: Native class hierarchy updated for 'AddContentDialog' in 0.0010 seconds. Added 0 classes and 0 folders.
[2016.04.12-17.17.43:291][  0]LogContentBrowser: Native class hierarchy updated for 'SceneOutliner' in 0.0010 seconds. Added 1 classes and 2 folders.
[2016.04.12-17.17.43:874][  0]LogCrashTracker: Crashtracker disabled due to settings.
[2016.04.12-17.17.44:878][  0]LogTexture:Display: Building textures: Blueprint_64x (BGRA8)
[2016.04.12-17.17.44:879][  0]LogTexture:Display: Building textures: icon_Editor_Preferences_General_40x (BGRA8)
[2016.04.12-17.17.44:880][  0]LogTexture:Display: Building textures: Paper2DSprite_TutorialIcon (BGRA8)
[2016.04.12-17.17.44:881][  0]LogTexture:Display: Building textures: icon_ShowSkeletalMeshes_40x (BGRA8)
[2016.04.12-17.17.44:882][  0]LogTexture:Display: Building textures: Landscape (BGRA8)
[2016.04.12-17.17.44:883][  0]LogTexture:Display: Building textures: Foliage (BGRA8)
[2016.04.12-17.17.44:973][  0]LogContentBrowser: Native class hierarchy updated for 'HierarchicalLODOutliner' in 0.0010 seconds. Added 1 classes and 2 folders.
[2016.04.12-17.17.44:974][  0]LogLoad: Full Startup: 37.80 seconds (BP compile: 0.03 seconds)
[2016.04.12-17.17.44:974][  0]LogExternalProfiler: Found external profiler: VSPerf
[2016.04.12-17.17.44:974][  0]LogExternalProfiler: Using external profiler: VSPerf
[2016.04.12-17.17.44:983][  0]LogOcInput: OculusInput pre-init called
[2016.04.12-17.17.45:012][  0]LogAssetRegistry: Asset discovery search completed in 4.4073 seconds
[2016.04.12-17.17.45:012][  0]LogCollectionManager: Rebuilt the object cache for 0 collections in 0.000001 seconds (found 0 objects)
[2016.04.12-17.17.45:012][  0]LogCollectionManager: Fixed up redirectors for 0 collections in 0.000015 seconds (updated 0 objects)
[2016.04.12-17.17.45:322][  0]LogContentStreaming: Texture pool size now 1000 MB
[2016.04.12-17.17.45:462][  0]LogTexture:Display: Building textures: icon_tab_Levels_40x (BGRA8)
[2016.04.12-17.17.45:768][  0]LogTexture:Display: Building textures: LevelGrid1DStripes (BGRA8)
[2016.04.12-17.17.46:799][  0]LogRenderer: Reallocating scene render targets to support 1208x652 (Frame:2).
[2016.04.12-17.17.52:939][540]LogMaterial: Missing cached shader map for material M_Landscape, compiling. 
[2016.04.12-17.17.53:100][540]LogStaticMesh: Building static mesh City_Buildings...
[2016.04.12-17.17.53:618][540]LogStaticMesh: Built static mesh [0.52s] /Game/Mesh/City/City_Buildings.City_Buildings
[2016.04.12-17.17.53:635][540]LogAIModule: Creating AISystem for world GenerationCpp
[2016.04.12-17.17.53:860][540]Cmd: MAP LOAD FILE="../../../../../../Users/TENORIO.thales/Desktop/Panopticon/Panopticon/UnrealProject/Content/Levels/GenerationCpp.umap" TEMPLATE=0 SHOWPROGRESS=1 FEATURELEVEL=3
[2016.04.12-17.17.53:861][540]LightingResults: New page: Lighting Build
[2016.04.12-17.17.53:887][540]LoadErrors: New page: Loading map: GenerationCpp.umap
[2016.04.12-17.17.53:903][540]MapCheck: New page: Map Check
[2016.04.12-17.17.53:903][540]LightingResults: New page: Lighting Build
[2016.04.12-17.17.54:003][540]LogEditorServer: Finished looking for orphan Actors (0.000 secs)
[2016.04.12-17.17.54:046][540]Cmd: MAP CHECKDEP NOCLEARLOG
[2016.04.12-17.17.54:085][540]MapCheck: Info Map check complete: 0 Error(s), 0 Warning(s), took 38.878ms to complete.
[2016.04.12-17.17.54:085][540]LogFileHelpers: Loading map 'GenerationCpp' took 0.248
[2016.04.12-17.17.55:992][714]LogBlueprintUserMessages: Early PlayInEditor Detection: Level '/Game/Levels/GenerationCpp.GenerationCpp:PersistentLevel' has LevelScriptBlueprint '/Game/Levels/GenerationCpp.GenerationCpp:PersistentLevel.GenerationCpp' with GeneratedClass '/Game/Levels/GenerationCpp.GenerationCpp_C' with ClassGeneratedBy '/Game/Levels/GenerationCpp.GenerationCpp:PersistentLevel.GenerationCpp'
[2016.04.12-17.17.55:993][714]LogPlayLevel: PlayLevel: No blueprints needed recompiling
[2016.04.12-17.17.56:034][714]PIE: New page: PIE session: GenerationCpp (Apr 12, 2016, 8:17:56 PM)
[2016.04.12-17.17.56:047][714]LogPlayLevel: Creating play world package: /Game/Levels/UEDPIE_0_GenerationCpp
[2016.04.12-17.17.56:089][714]LogPlayLevel: PIE: StaticDuplicateObject took: (0.042189s)
[2016.04.12-17.17.56:089][714]LogAIModule: Creating AISystem for world GenerationCpp
[2016.04.12-17.17.56:089][714]LogPlayLevel: PIE: World Init took: (0.000507s)
[2016.04.12-17.17.56:095][714]LogPlayLevel: PIE: Created PIE world by copying editor world from /Game/Levels/GenerationCpp.GenerationCpp to /Game/Levels/UEDPIE_0_GenerationCpp.GenerationCpp (0.048184s)
[2016.04.12-17.17.56:106][714]LogInit: XAudio2 using 'PB248-C (NVIDIA High Definition Audio)' : 2 channels at 48 kHz using 16 bits per sample (channel mask 0x3)
[2016.04.12-17.17.56:109][714]LogInit: FAudioDevice initialized.
[2016.04.12-17.17.56:246][714]LogWorld: Game class is 'GameMode'
[2016.04.12-17.17.56:346][714]LogWorld: Bringing World /Game/Levels/UEDPIE_0_GenerationCpp.GenerationCpp up for play (max tick rate 0) at 2016.04.12-19.17.56
[2016.04.12-17.17.56:371][714]LogWorld: Bringing up level for play took: 0.026177
[2016.04.12-17.17.56:552][714]LogContentBrowser: Native class hierarchy updated for 'MovieSceneCapture' in 0.0014 seconds. Added 9 classes and 0 folders.
[2016.04.12-17.17.56:603][714]PIE: Info Play in editor start time for /Game/Levels/UEDPIE_0_GenerationCpp 0.498
[2016.04.12-17.17.56:603][714]LogBlueprintUserMessages: Late PlayInEditor Detection: Level '/Game/Levels/GenerationCpp.GenerationCpp:PersistentLevel' has LevelScriptBlueprint '/Game/Levels/GenerationCpp.GenerationCpp:PersistentLevel.GenerationCpp' with GeneratedClass '/Game/Levels/GenerationCpp.GenerationCpp_C' with ClassGeneratedBy '/Game/Levels/GenerationCpp.GenerationCpp:PersistentLevel.GenerationCpp'
[2016.04.12-17.18.07:794][ 21]LogBlueprintUserMessages: Early EndPlayMap Detection: Level '/Game/Levels/GenerationCpp.GenerationCpp:PersistentLevel' has LevelScriptBlueprint '/Game/Levels/GenerationCpp.GenerationCpp:PersistentLevel.GenerationCpp' with GeneratedClass '/Game/Levels/GenerationCpp.GenerationCpp_C' with ClassGeneratedBy '/Game/Levels/GenerationCpp.GenerationCpp:PersistentLevel.GenerationCpp'
[2016.04.12-17.18.07:857][ 21]LogBlueprintUserMessages: Late EndPlayMap Detection: Level '/Game/Levels/GenerationCpp.GenerationCpp:PersistentLevel' has LevelScriptBlueprint '/Game/Levels/GenerationCpp.GenerationCpp:PersistentLevel.GenerationCpp' with GeneratedClass '/Game/Levels/GenerationCpp.GenerationCpp_C' with ClassGeneratedBy '/Game/Levels/GenerationCpp.GenerationCpp:PersistentLevel.GenerationCpp'
[2016.04.12-17.18.18:855][100]LogContentBrowser: Native class hierarchy updated for 'BlueprintGraph' in 0.0028 seconds. Added 108 classes and 0 folders.
[2016.04.12-17.18.20:102][100]LogTexture:Display: Building textures: TilePatine_N (BC5)
[2016.04.12-17.18.20:157][100]LogTexture:Display: Building textures: TilePatine_D (AutoDXT)
[2016.04.12-17.18.34:272][627]LogBlueprintUserMessages: Early PlayInEditor Detection: Level '/Game/Levels/GenerationCpp.GenerationCpp:PersistentLevel' has LevelScriptBlueprint '/Game/Levels/GenerationCpp.GenerationCpp:PersistentLevel.GenerationCpp' with GeneratedClass '/Game/Levels/GenerationCpp.GenerationCpp_C' with ClassGeneratedBy '/Game/Levels/GenerationCpp.GenerationCpp:PersistentLevel.GenerationCpp'
[2016.04.12-17.18.34:272][627]LogPlayLevel: PlayLevel: No blueprints needed recompiling
[2016.04.12-17.18.34:272][627]PIE: New page: PIE session: GenerationCpp (Apr 12, 2016, 8:18:34 PM)
[2016.04.12-17.18.34:272][627]LogPlayLevel: Creating play world package: /Game/Levels/UEDPIE_0_GenerationCpp
[2016.04.12-17.18.34:274][627]LogPlayLevel: PIE: StaticDuplicateObject took: (0.001473s)
[2016.04.12-17.18.34:274][627]LogAIModule: Creating AISystem for world GenerationCpp
[2016.04.12-17.18.34:274][627]LogPlayLevel: PIE: World Init took: (0.000387s)
[2016.04.12-17.18.34:274][627]LogPlayLevel: PIE: Created PIE world by copying editor world from /Game/Levels/GenerationCpp.GenerationCpp to /Game/Levels/UEDPIE_0_GenerationCpp.GenerationCpp (0.002007s)
[2016.04.12-17.18.34:334][627]LogInit: XAudio2 using 'PB248-C (NVIDIA High Definition Audio)' : 2 channels at 48 kHz using 16 bits per sample (channel mask 0x3)
[2016.04.12-17.18.34:337][627]LogInit: FAudioDevice initialized.
[2016.04.12-17.18.34:364][627]LogWorld: Game class is 'GameMode'
[2016.04.12-17.18.34:366][627]LogWorld: Bringing World /Game/Levels/UEDPIE_0_GenerationCpp.GenerationCpp up for play (max tick rate 0) at 2016.04.12-19.18.34
[2016.04.12-17.18.34:366][627]LogWorld: Bringing up level for play took: 0.001115
[2016.04.12-17.18.34:368][627]PIE: Info Play in editor start time for /Game/Levels/UEDPIE_0_GenerationCpp 0.263
[2016.04.12-17.18.34:368][627]LogBlueprintUserMessages: Late PlayInEditor Detection: Level '/Game/Levels/GenerationCpp.GenerationCpp:PersistentLevel' has LevelScriptBlueprint '/Game/Levels/GenerationCpp.GenerationCpp:PersistentLevel.GenerationCpp' with GeneratedClass '/Game/Levels/GenerationCpp.GenerationCpp_C' with ClassGeneratedBy '/Game/Levels/GenerationCpp.GenerationCpp:PersistentLevel.GenerationCpp'
[2016.04.12-17.20.03:262][292]LogBlueprintUserMessages: Early EndPlayMap Detection: Level '/Game/Levels/GenerationCpp.GenerationCpp:PersistentLevel' has LevelScriptBlueprint '/Game/Levels/GenerationCpp.GenerationCpp:PersistentLevel.GenerationCpp' with GeneratedClass '/Game/Levels/GenerationCpp.GenerationCpp_C' with ClassGeneratedBy '/Game/Levels/GenerationCpp.GenerationCpp:PersistentLevel.GenerationCpp'
[2016.04.12-17.20.03:317][292]LogBlueprintUserMessages: Late EndPlayMap Detection: Level '/Game/Levels/GenerationCpp.GenerationCpp:PersistentLevel' has LevelScriptBlueprint '/Game/Levels/GenerationCpp.GenerationCpp:PersistentLevel.GenerationCpp' with GeneratedClass '/Game/Levels/GenerationCpp.GenerationCpp_C' with ClassGeneratedBy '/Game/Levels/GenerationCpp.GenerationCpp:PersistentLevel.GenerationCpp'
[2016.04.12-17.20.14:505][618]LogBlueprintUserMessages: Early PlayInEditor Detection: Level '/Game/Levels/GenerationCpp.GenerationCpp:PersistentLevel' has LevelScriptBlueprint '/Game/Levels/GenerationCpp.GenerationCpp:PersistentLevel.GenerationCpp' with GeneratedClass '/Game/Levels/GenerationCpp.GenerationCpp_C' with ClassGeneratedBy '/Game/Levels/GenerationCpp.GenerationCpp:PersistentLevel.GenerationCpp'
[2016.04.12-17.20.14:505][618]LogPlayLevel: PlayLevel: No blueprints needed recompiling
[2016.04.12-17.20.14:505][618]PIE: New page: PIE session: GenerationCpp (Apr 12, 2016, 8:20:14 PM)
[2016.04.12-17.20.14:505][618]LogPlayLevel: Creating play world package: /Game/Levels/UEDPIE_0_GenerationCpp
[2016.04.12-17.20.14:507][618]LogPlayLevel: PIE: StaticDuplicateObject took: (0.001386s)
[2016.04.12-17.20.14:507][618]LogAIModule: Creating AISystem for world GenerationCpp
[2016.04.12-17.20.14:507][618]LogPlayLevel: PIE: World Init took: (0.000554s)
[2016.04.12-17.20.14:507][618]LogPlayLevel: PIE: Created PIE world by copying editor world from /Game/Levels/GenerationCpp.GenerationCpp to /Game/Levels/UEDPIE_0_GenerationCpp.GenerationCpp (0.002068s)
[2016.04.12-17.20.14:523][618]LogInit: XAudio2 using 'PB248-C (NVIDIA High Definition Audio)' : 2 channels at 48 kHz using 16 bits per sample (channel mask 0x3)
[2016.04.12-17.20.14:526][618]LogInit: FAudioDevice initialized.
[2016.04.12-17.20.14:558][618]LogWorld: Game class is 'GameMode'
[2016.04.12-17.20.14:560][618]LogWorld: Bringing World /Game/Levels/UEDPIE_0_GenerationCpp.GenerationCpp up for play (max tick rate 0) at 2016.04.12-19.20.14
[2016.04.12-17.20.14:560][618]LogWorld: Bringing up level for play took: 0.001218
[2016.04.12-17.20.14:562][618]PIE: Info Play in editor start time for /Game/Levels/UEDPIE_0_GenerationCpp 0.457
[2016.04.12-17.20.14:562][618]LogBlueprintUserMessages: Late PlayInEditor Detection: Level '/Game/Levels/GenerationCpp.GenerationCpp:PersistentLevel' has LevelScriptBlueprint '/Game/Levels/GenerationCpp.GenerationCpp:PersistentLevel.GenerationCpp' with GeneratedClass '/Game/Levels/GenerationCpp.GenerationCpp_C' with ClassGeneratedBy '/Game/Levels/GenerationCpp.GenerationCpp:PersistentLevel.GenerationCpp'
[2016.04.12-17.22.58:379][273]LogBlueprintUserMessages: Early EndPlayMap Detection: Level '/Game/Levels/GenerationCpp.GenerationCpp:PersistentLevel' has LevelScriptBlueprint '/Game/Levels/GenerationCpp.GenerationCpp:PersistentLevel.GenerationCpp' with GeneratedClass '/Game/Levels/GenerationCpp.GenerationCpp_C' with ClassGeneratedBy '/Game/Levels/GenerationCpp.GenerationCpp:PersistentLevel.GenerationCpp'
[2016.04.12-17.22.58:413][273]LogBlueprintUserMessages: Late EndPlayMap Detection: Level '/Game/Levels/GenerationCpp.GenerationCpp:PersistentLevel' has LevelScriptBlueprint '/Game/Levels/GenerationCpp.GenerationCpp:PersistentLevel.GenerationCpp' with GeneratedClass '/Game/Levels/GenerationCpp.GenerationCpp_C' with ClassGeneratedBy '/Game/Levels/GenerationCpp.GenerationCpp:PersistentLevel.GenerationCpp'
[2016.04.12-17.23.00:726][523]LogTexture:Display: Building textures: M_Noise (AutoDXT)
[2016.04.12-17.23.00:734][523]LogTexture:Display: Building textures: Scan_02 (AutoDXT)
[2016.04.12-17.23.00:739][523]LogMaterial: Missing cached shader map for material M_CityWire, compiling. 
[2016.04.12-17.23.00:774][523]LogStaticMesh: Building static mesh City_GroundVertices...
[2016.04.12-17.23.01:329][523]LogStaticMesh: Built static mesh [0.55s] /Game/Mesh/City/City_GroundVertices.City_GroundVertices
[2016.04.12-17.23.01:359][523]LogStaticMesh: Building static mesh City_Ground...
[2016.04.12-17.23.01:400][523]LogStaticMesh: Built static mesh [0.04s] /Game/Mesh/City/City_Ground.City_Ground
[2016.04.12-17.23.01:404][523]LogStaticMesh: Building static mesh City_BuildingsVertices...
[2016.04.12-17.23.03:930][523]LogStaticMesh: Built static mesh [2.53s] /Game/Mesh/City/City_BuildingsVertices.City_BuildingsVertices
[2016.04.12-17.23.04:141][523]LogMaterial: Missing cached shader map for material M_VerticesLight, compiling. 
[2016.04.12-17.23.04:147][523]LogAIModule: Creating AISystem for world CityLv
[2016.04.12-17.23.06:237][523]LogSavePackage: Save=286.50ms
[2016.04.12-17.23.06:237][523]LogSavePackage: Moving '../../../../../../Users/TENORIO.thales/Desktop/Panopticon/Panopticon/UnrealProject/Saved/GenerationCpp832B6CD14275C08F6C84E688B0FD94F6.tmp' to '../../../../../../Users/TENORIO.thales/Desktop/Panopticon/Panopticon/UnrealProject/Content/Levels/GenerationCpp.umap'
[2016.04.12-17.23.06:258][523]LogSavePackage: Total save time: 328.25ms
[2016.04.12-17.23.06:258][523]LogSavePackage:Display: Finished SavePackage ../../../../../../Users/TENORIO.thales/Desktop/Panopticon/Panopticon/UnrealProject/Content/Levels/GenerationCpp.umap
[2016.04.12-17.23.06:297][523]LogFileHelpers: Saving map 'GenerationCpp' took 0.448
[2016.04.12-17.23.06:299][523]Cmd: MAP LOAD FILE="../../../../../../Users/TENORIO.thales/Desktop/Panopticon/Panopticon/UnrealProject/Content/Levels/CityLv.umap" TEMPLATE=0 SHOWPROGRESS=1 FEATURELEVEL=3
[2016.04.12-17.23.06:299][523]LightingResults: New page: Lighting Build
[2016.04.12-17.23.06:318][523]LoadErrors: New page: Loading map: CityLv.umap
[2016.04.12-17.23.06:318][523]MapCheck: New page: Map Check
[2016.04.12-17.23.06:318][523]LightingResults: New page: Lighting Build
[2016.04.12-17.23.06:349][523]LogEditorServer: Finished looking for orphan Actors (0.000 secs)
[2016.04.12-17.23.06:365][523]Cmd: MAP CHECKDEP NOCLEARLOG
[2016.04.12-17.23.06:401][523]MapCheck: Info Map check complete: 0 Error(s), 0 Warning(s), took 36.013ms to complete.
[2016.04.12-17.23.06:402][523]LogFileHelpers: Loading map 'CityLv' took 0.105
[2016.04.12-17.24.39:471][860]LogAIModule: Creating AISystem for world GenerationCpp
[2016.04.12-17.24.39:487][860]Cmd: MAP LOAD FILE="../../../../../../Users/TENORIO.thales/Desktop/Panopticon/Panopticon/UnrealProject/Content/Levels/GenerationCpp.umap" TEMPLATE=0 SHOWPROGRESS=1 FEATURELEVEL=3
[2016.04.12-17.24.39:487][860]LightingResults: New page: Lighting Build
[2016.04.12-17.24.39:500][860]LoadErrors: New page: Loading map: GenerationCpp.umap
[2016.04.12-17.24.39:501][860]MapCheck: New page: Map Check
[2016.04.12-17.24.39:501][860]LightingResults: New page: Lighting Build
[2016.04.12-17.24.39:515][860]LogEditorServer: Finished looking for orphan Actors (0.000 secs)
[2016.04.12-17.24.39:532][860]Cmd: MAP CHECKDEP NOCLEARLOG
[2016.04.12-17.24.39:569][860]MapCheck: Info Map check complete: 0 Error(s), 0 Warning(s), took 37.13ms to complete.
[2016.04.12-17.24.39:569][860]LogFileHelpers: Loading map 'GenerationCpp' took 0.083
[2016.04.12-17.24.42:277][182]LogBlueprintUserMessages: Early PlayInEditor Detection: Level '/Game/Levels/GenerationCpp.GenerationCpp:PersistentLevel' has LevelScriptBlueprint '/Game/Levels/GenerationCpp.GenerationCpp:PersistentLevel.GenerationCpp' with GeneratedClass '/Game/Levels/GenerationCpp.GenerationCpp_C' with ClassGeneratedBy '/Game/Levels/GenerationCpp.GenerationCpp:PersistentLevel.GenerationCpp'
[2016.04.12-17.24.42:277][182]LogPlayLevel: PlayLevel: No blueprints needed recompiling
[2016.04.12-17.24.42:277][182]PIE: New page: PIE session: GenerationCpp (Apr 12, 2016, 8:24:42 PM)
[2016.04.12-17.24.42:277][182]LogPlayLevel: Creating play world package: /Game/Levels/UEDPIE_0_GenerationCpp
[2016.04.12-17.24.42:278][182]LogPlayLevel: PIE: StaticDuplicateObject took: (0.001091s)
[2016.04.12-17.24.42:278][182]LogAIModule: Creating AISystem for world GenerationCpp
[2016.04.12-17.24.42:278][182]LogPlayLevel: PIE: World Init took: (0.000421s)
[2016.04.12-17.24.42:278][182]LogPlayLevel: PIE: Created PIE world by copying editor world from /Game/Levels/GenerationCpp.GenerationCpp to /Game/Levels/UEDPIE_0_GenerationCpp.GenerationCpp (0.001652s)
[2016.04.12-17.24.42:292][182]LogInit: XAudio2 using 'PB248-C (NVIDIA High Definition Audio)' : 2 channels at 48 kHz using 16 bits per sample (channel mask 0x3)
[2016.04.12-17.24.42:295][182]LogInit: FAudioDevice initialized.
[2016.04.12-17.24.42:322][182]LogWorld: Game class is 'GameMode'
[2016.04.12-17.24.42:323][182]LogWorld: Bringing World /Game/Levels/UEDPIE_0_GenerationCpp.GenerationCpp up for play (max tick rate 0) at 2016.04.12-19.24.42
[2016.04.12-17.24.42:324][182]LogWorld: Bringing up level for play took: 0.001121
[2016.04.12-17.24.42:325][182]PIE: Info Play in editor start time for /Game/Levels/UEDPIE_0_GenerationCpp 0.22
[2016.04.12-17.24.42:325][182]LogBlueprintUserMessages: Late PlayInEditor Detection: Level '/Game/Levels/GenerationCpp.GenerationCpp:PersistentLevel' has LevelScriptBlueprint '/Game/Levels/GenerationCpp.GenerationCpp:PersistentLevel.GenerationCpp' with GeneratedClass '/Game/Levels/GenerationCpp.GenerationCpp_C' with ClassGeneratedBy '/Game/Levels/GenerationCpp.GenerationCpp:PersistentLevel.GenerationCpp'
[2016.04.12-17.24.51:376][268]LogBlueprintUserMessages: Early EndPlayMap Detection: Level '/Game/Levels/GenerationCpp.GenerationCpp:PersistentLevel' has LevelScriptBlueprint '/Game/Levels/GenerationCpp.GenerationCpp:PersistentLevel.GenerationCpp' with GeneratedClass '/Game/Levels/GenerationCpp.GenerationCpp_C' with ClassGeneratedBy '/Game/Levels/GenerationCpp.GenerationCpp:PersistentLevel.GenerationCpp'
[2016.04.12-17.24.51:409][268]LogBlueprintUserMessages: Late EndPlayMap Detection: Level '/Game/Levels/GenerationCpp.GenerationCpp:PersistentLevel' has LevelScriptBlueprint '/Game/Levels/GenerationCpp.GenerationCpp:PersistentLevel.GenerationCpp' with GeneratedClass '/Game/Levels/GenerationCpp.GenerationCpp_C' with ClassGeneratedBy '/Game/Levels/GenerationCpp.GenerationCpp:PersistentLevel.GenerationCpp'
[2016.04.12-17.25.08:723][632]LogVSAccessor:Warning: Couldn't goto line number '0' in 'C:/Users/TENORIO.thales/Desktop/Panopticon/Panopticon/UnrealProject/Source/UnrealProject/CityMap.h'
[2016.04.12-17.25.08:896][632]LogVSAccessor:Warning: Couldn't goto line number '0' in 'C:/Users/TENORIO.thales/Desktop/Panopticon/Panopticon/UnrealProject/Source/UnrealProject/CityMap.cpp'
[2016.04.12-17.27.18:318][259]Recompiling UnrealProject...
[2016.04.12-17.27.18:319][259]Launching UnrealBuildTool... [C:/Program Files (x86)/Epic Games/4.11/Engine/Binaries/DotNET/UnrealBuildTool.exe UnrealProject -ModuleWithSuffix UnrealProject 6180 Win64 Development -editorrecompile -canskiplink "C:/Users/TENORIO.thales/Desktop/Panopticon/Panopticon/UnrealProject/UnrealProject.uproject"  -2015]
[2016.04.12-17.27.18:322][259]Warning: Starting HotReload took  0.0s.
[2016.04.12-17.27.47:445][719]CompilerResultsLog: New page: Compilation - Apr 12, 2016, 8:27:47 PM
[2016.04.12-17.27.47:445][719]CompilerResultsLog: Info Performing full C++ include scan (hot reloading a new target)
[2016.04.12-17.27.47:445][719]CompilerResultsLog: Info Creating makefile for hot reloading UnrealProject (.uproject file is newer)
[2016.04.12-17.27.47:445][719]CompilerResultsLog: Info Compiling game modules for hot reload
[2016.04.12-17.27.47:445][719]CompilerResultsLog: Info Parsing headers for UnrealProjectEditor
[2016.04.12-17.27.47:445][719]CompilerResultsLog: Info   Running UnrealHeaderTool "C:\Users\TENORIO.thales\Desktop\Panopticon\Panopticon\UnrealProject\UnrealProject.uproject" "C:\Users\TENORIO.thales\Desktop\Panopticon\Panopticon\UnrealProject\Intermediate\Build\Win64\UnrealProjectEditor\Development\UnrealHeaderTool.manifest" -LogCmds="loginit warning, logexit warning, logdatabase error" -Unattended -WarningsAsErrors -installed
[2016.04.12-17.27.47:445][719]CompilerResultsLog: Info Reflection code generated for UnrealProjectEditor in 2,6896058 seconds
[2016.04.12-17.27.47:445][719]CompilerResultsLog: Info Performing 3 actions (4 in parallel)
[2016.04.12-17.27.47:445][719]CompilerResultsLog: Info UnrealProject.generated.cpp
[2016.04.12-17.27.47:445][719]CompilerResultsLog: Info CityMap.cpp
[2016.04.12-17.27.47:445][719]CompilerResultsLog: Info [3/3] Link UE4Editor-UnrealProject-6180.dll
[2016.04.12-17.27.47:445][719]CompilerResultsLog: Info    Cr?ation de la biblioth?que C:\Users\TENORIO.thales\Desktop\Panopticon\Panopticon\UnrealProject\Intermediate\Build\Win64\UE4Editor\Development\UE4Editor-UnrealProject-6180.lib et de l'objet C:\Users\TENORIO.thales\Desktop\Panopticon\Panopticon\UnrealProject\Intermediate\Build\Win64\UE4Editor\Development\UE4Editor-UnrealProject-6180.exp
[2016.04.12-17.27.47:445][719]CompilerResultsLog: Info -------- End Detailed Actions Stats -----------------------------------------------------------
[2016.04.12-17.27.47:445][719]CompilerResultsLog: Info Failed to write FlatCPPIncludeDependencyCache: Le p?riph?rique n'est pas pr?t.
[2016.04.12-17.27.47:445][719]CompilerResultsLog: Info 
[2016.04.12-17.27.47:445][719]CompilerResultsLog: Info Total build time: 28,87 seconds
[2016.04.12-17.27.47:445][719]LogMainFrame: MainFrame: Module compiling took 29.130 seconds
[2016.04.12-17.27.47:492][719]LogClass: Could not find existing class CityMap in package /Script/UnrealProject for HotReload, assuming new class
[2016.04.12-17.27.47:503][719]LogHotReload: Re-instancing CityMap after hot-reload.
[2016.04.12-17.27.47:598][719]LogContentBrowser: Native class hierarchy updated for 'UnrealProject' in 0.0012 seconds. Added 3 classes and 2 folders.
[2016.04.12-17.27.47:599][719]Warning: HotReload successful (0 functions remapped  0 scriptstructs remapped)
[2016.04.12-17.27.47:710][719]LogContentBrowser: Native class hierarchy populated in 0.0070 seconds. Added 1985 classes and 351 folders.
[2016.04.12-17.27.47:876][719]Warning: HotReload took 29.6s.
[2016.04.12-17.29.39:779][786]LogWindows:Error: Windows GetLastError: L’opération a réussi. (0)
[2016.04.12-17.29.42:622][786]LogCrashTracker: 


[2016.04.12-17.29.42:761][786]LogCrashTracker: 


[2016.04.12-17.29.42:761][786]LogWindows:Error: === Critical error: ===
Assertion failed: ChildCount > AttachChildren.Num() [File:D:\BuildFarm\buildmachine_++UE4+Release-4.11\Engine\Source\Runtime\Engine\Private\Components\SceneComponent.cpp] [Line: 837] 
AttachChildren count increased while detaching 'TRASH_StaticMeshComponent_22', likely caused by OnAttachmentChanged introducing new children, which could lead to an infinite loop.




[2016.04.12-17.29.42:798][786]LogExit: Executing StaticShutdownAfterError
[2016.04.12-17.29.42:814][786]LogPhysics:Warning: PHYSX: ..\..\PhysX\src\NpScene.cpp (2946) 8 : PxScene::unlockWrite() called without matching call to PxScene::lockWrite(), behaviour will be undefined.
[2016.04.12-17.29.42:814][786]LogPhysics:Warning: PHYSX: ..\..\PhysX\src\NpScene.cpp (2946) 8 : PxScene::unlockWrite() called without matching call to PxScene::lockWrite(), behaviour will be undefined.
[2016.04.12-17.29.42:814][786]LogPhysics:Warning: PHYSX: ..\..\PhysX\src\NpScene.cpp (2946) 8 : PxScene::unlockWrite() called without matching call to PxScene::lockWrite(), behaviour will be undefined.
[2016.04.12-17.29.42:814][786]LogPhysics:Warning: PHYSX: ..\..\PhysX\src\NpScene.cpp (2946) 8 : PxScene::unlockWrite() called without matching call to PxScene::lockWrite(), behaviour will be undefined.
[2016.04.12-17.29.42:814][786]LogWindows: FPlatformMisc::RequestExit(1)
[2016.04.12-17.29.42:814][786]Log file closed, 04/12/16 19:29:42
