Log file open, 04/12/16 19:31:51
LogInit:Display: Running engine for game: UnrealProject
LogPlatformFile: Not using cached read wrapper
LogInit:Display: RandInit(495258348) SRandInit(495258349).
LogTaskGraph: Started task graph with 4 named threads and 7 total threads.
LogStats: Stats thread started at 0.070443
LogInit: Version: 4.11.1-2934540+++UE4+Release-4.11
LogInit: API Version: 2927265
LogInit: Compiled (64-bit): Apr  6 2016 02:14:16
LogInit: Compiled with Visual C++: 19.00.23026.00
LogInit: Build Configuration: Development
LogInit: Branch Name: ++UE4+Release-4.11
LogInit: Command line: -EpicPortal 
LogInit: Base directory: C:/Program Files (x86)/Epic Games/4.11/Engine/Binaries/Win64/
LogInit: Installed Engine Build: 1
LogInit: Using libcurl 7.41.0
LogInit:  - built for x86_64-pc-win32
LogInit:  - supports SSL with WinSSL
LogInit:  - other features:
LogInit:      CURL_VERSION_SSL
LogInit:      CURL_VERSION_IPV6
LogInit:      CURL_VERSION_ASYNCHDNS
LogInit:      CURL_VERSION_LARGEFILE
LogInit:      CURL_VERSION_IDN
LogInit:  CurlRequestOptions (configurable via config and command line):
LogInit:  - bVerifyPeer = true  - Libcurl will verify peer certificate
LogInit:  - bUseHttpProxy = false  - Libcurl will NOT use HTTP proxy
LogInit:  - bDontReuseConnections = false  - Libcurl will reuse connections
LogInit:  - CertBundlePath = nullptr  - Libcurl will use whatever was configured at build time.
LogInit: Presizing for max 16777216 objects, including 0 objects not considered by GC, pre-allocating 0 bytes for permanent pool.
LogInit: Object subsystem initialized
[2016.04.12-17.31.51:611][  0]LogInit: Selected Device Profile: [Windows]
[2016.04.12-17.31.51:611][  0]LogInit: Applying CVar settings loaded from the selected device profile: [Windows]
[2016.04.12-17.31.51:617][  0]LogInit: Computer: JMIN-D1441
[2016.04.12-17.31.51:617][  0]LogInit: User: TENORIOthales
[2016.04.12-17.31.51:617][  0]LogInit: CPU Page size=65536, Cores=4
[2016.04.12-17.31.51:617][  0]LogInit: High frequency timer resolution =3.513588 MHz
[2016.04.12-17.31.51:618][  0]LogMemory: Memory total: Physical=15.9GB (16GB approx)
[2016.04.12-17.31.51:618][  0]LogMemory: Platform Memory Stats for Windows
[2016.04.12-17.31.51:618][  0]LogMemory: Process Physical Memory: 311.86 MB used, 311.86 MB peak
[2016.04.12-17.31.51:618][  0]LogMemory: Process Virtual Memory: 315.24 MB used, 315.24 MB peak
[2016.04.12-17.31.51:618][  0]LogMemory: Physical Memory: 6294.39 MB used, 16319.46 MB total
[2016.04.12-17.31.51:618][  0]LogMemory: Virtual Memory: 633.27 MB used, 134217728.00 MB total
[2016.04.12-17.31.51:642][  0]LogTextLocalizationManager: No translations for ('fr-FR') exist, falling back to 'en' for localization and internationalization data.
[2016.04.12-17.31.51:985][  0]LogD3D11RHI: D3D11 adapters:
[2016.04.12-17.31.52:001][  0]LogD3D11RHI:    0. 'NVIDIA Quadro K2200' (Feature Level 11_0)
[2016.04.12-17.31.52:001][  0]LogD3D11RHI:       4002MB of dedicated video memory, 0MB of dedicated system memory, and 8159MB of shared system memory, 1 output[s]
[2016.04.12-17.31.52:002][  0]LogD3D11RHI:    1. 'Microsoft Basic Render Driver' (Feature Level 11_0)
[2016.04.12-17.31.52:002][  0]LogD3D11RHI:       0MB of dedicated video memory, 0MB of dedicated system memory, and 256MB of shared system memory, 0 output[s]
[2016.04.12-17.31.52:002][  0]LogD3D11RHI: Chosen D3D11 Adapter: 0
[2016.04.12-17.31.52:006][  0]LogD3D11RHI: Creating new Direct3DDevice
[2016.04.12-17.31.52:006][  0]LogD3D11RHI:     Adapter Name: NVIDIA Quadro K2200
[2016.04.12-17.31.52:006][  0]LogD3D11RHI:   Driver Version: Unknown (internal Unknown)
[2016.04.12-17.31.52:006][  0]LogD3D11RHI:      Driver Date: Unknown
[2016.04.12-17.31.52:006][  0]LogRHI: Texture pool is 1361 MB (70% of 1945 MB)
[2016.04.12-17.31.52:014][  0]LogD3D11RHI: Async texture creation enabled
[2016.04.12-17.31.52:030][  0]LogShaderCompilers: Guid format shader working directory is -29 characters bigger than the processId version (../../../../../../Users/TENORIO.thales/Desktop/Panopticon/Panopticon/UnrealProject/Intermediate/Shaders/WorkingDirectory/7380/).
[2016.04.12-17.31.52:030][  0]LogShaderCompilers: Cleaned the shader compiler working directory 'C:/Users/TENORI~1.THA/AppData/Local/Temp/UnrealShaderWorkingDir/8E5430B54F7410D33E4581A0DD76127D/'.
[2016.04.12-17.31.52:030][  0]LogShaderCompilers:Display: Using Local Shader Compiler.
[2016.04.12-17.31.52:839][  0]LogTemp:Display: Loaded TP AllDesktopTargetPlatform
[2016.04.12-17.31.52:843][  0]LogTemp:Display: Loaded TP WindowsClientTargetPlatform
[2016.04.12-17.31.52:848][  0]LogTemp:Display: Loaded TP WindowsNoEditorTargetPlatform
[2016.04.12-17.31.52:852][  0]LogTemp:Display: Loaded TP WindowsServerTargetPlatform
[2016.04.12-17.31.52:857][  0]LogTemp:Display: Loaded TP WindowsTargetPlatform
[2016.04.12-17.31.52:859][  0]LogTemp:Display: Loaded TP AndroidTargetPlatform
[2016.04.12-17.31.52:862][  0]LogTemp:Display: Loaded TP Android_ASTCTargetPlatform
[2016.04.12-17.31.52:865][  0]LogTemp:Display: Loaded TP Android_ATCTargetPlatform
[2016.04.12-17.31.52:867][  0]LogTemp:Display: Loaded TP Android_DXTTargetPlatform
[2016.04.12-17.31.52:870][  0]LogTemp:Display: Loaded TP Android_ETC1TargetPlatform
[2016.04.12-17.31.52:872][  0]LogTemp:Display: Loaded TP Android_ETC2TargetPlatform
[2016.04.12-17.31.52:878][  0]LogTemp:Display: Loaded TP Android_MultiTargetPlatform
[2016.04.12-17.31.52:878][  0]LogTemp:Display: Loaded TP Android_PVRTCTargetPlatform
[2016.04.12-17.31.52:879][  0]LogTemp:Display: Loaded TP HTML5TargetPlatform
[2016.04.12-17.31.52:895][  0]LogTemp:Display: Loaded TP IOSTargetPlatform
[2016.04.12-17.31.52:897][  0]LogTemp:Display: Loaded TP TVOSTargetPlatform
[2016.04.12-17.31.52:899][  0]LogTemp:Display: Loaded TP LinuxNoEditorTargetPlatform
[2016.04.12-17.31.52:902][  0]LogTemp:Display: Loaded TP LinuxServerTargetPlatform
[2016.04.12-17.31.52:904][  0]LogTemp:Display: Loaded TP LinuxTargetPlatform
[2016.04.12-17.31.52:904][  0]LogTargetPlatformManager:Display: Building Assets For Windows
[2016.04.12-17.31.52:970][  0]LogDerivedDataCache:Display: Max Cache Size: 512 MB
[2016.04.12-17.31.53:008][  0]LogDerivedDataCache: Loaded boot cache 0.04s 46MB C:/Users/TENORIO.thales/AppData/Local/UnrealEngine/4.11/DerivedDataCache/Boot.ddc.
[2016.04.12-17.31.53:008][  0]LogDerivedDataCache:Display: Loaded Boot cache: C:/Users/TENORIO.thales/AppData/Local/UnrealEngine/4.11/DerivedDataCache/Boot.ddc
[2016.04.12-17.31.53:008][  0]LogDerivedDataCache: FDerivedDataBackendGraph:  Pak pak cache file ../../../../../../Users/TENORIO.thales/Desktop/Panopticon/Panopticon/UnrealProject/DerivedDataCache/DDC.ddp not found, will not use a pak cache.
[2016.04.12-17.31.53:008][  0]LogDerivedDataCache: Unable to find inner node Pak for hierarchical cache Hierarchy.
[2016.04.12-17.31.53:008][  0]LogDerivedDataCache: FDerivedDataBackendGraph:  CompressedPak pak cache file ../../../../../../Users/TENORIO.thales/Desktop/Panopticon/Panopticon/UnrealProject/DerivedDataCache/Compressed.ddp not found, will not use a pak cache.
[2016.04.12-17.31.53:008][  0]LogDerivedDataCache: Unable to find inner node CompressedPak for hierarchical cache Hierarchy.
[2016.04.12-17.31.53:020][  0]LogDerivedDataCache:Display: Pak cache opened for reading ../../../Engine/DerivedDataCache/Compressed.ddp.
[2016.04.12-17.31.53:032][  0]LogDerivedDataCache: Using Local data cache path C:/Users/TENORIO.thales/AppData/Local/UnrealEngine/Common/DerivedDataCache: Writable
[2016.04.12-17.31.53:156][  0]LogInit: Selected Device Profile: [Windows]
[2016.04.12-17.31.53:156][  0]LogContentStreaming: Texture pool size is 0.00 MB
[2016.04.12-17.31.53:183][  0]LogMaterial: Uniform references updated for custom material expression Custom.
[2016.04.12-17.31.53:286][  0]LogMeshUtilities: No automatic mesh reduction module available
[2016.04.12-17.31.53:286][  0]LogMeshUtilities: No automatic mesh merging module available
[2016.04.12-17.31.53:286][  0]LogMeshUtilities: No distributed automatic mesh merging module available
[2016.04.12-17.31.53:462][  0]LogUObjectArray: 27678 objects as part of root set at end of initial load.
[2016.04.12-17.31.53:462][  0]LogUObjectAllocator: 5591384 out of 0 bytes used by permanent object pool.
[2016.04.12-17.31.53:462][  0]LogUObjectArray: CloseDisregardForGC: 0/0 objects in disregard for GC pool
[2016.04.12-17.31.53:469][  0]LogInit: WinSock: version 1.1 (2.2), MaxSocks=32767, MaxUdp=65467
[2016.04.12-17.31.53:551][  0]LogSlate: SlateFontCache - WITH_FREETYPE: 1, WITH_HARFBUZZ: 1
[2016.04.12-17.31.53:551][  0]LogSlate: SlateFontCache - WITH_FREETYPE: 1, WITH_HARFBUZZ: 1
[2016.04.12-17.31.53:625][  0]LogStreaming:Warning: Failed to read file '../../../Engine/Content/Editor/Slate/Common/Selection_16x.png' error.
[2016.04.12-17.31.53:625][  0]LogSlate: Could not find file for Slate resource: ../../../Engine/Content/Editor/Slate/Common/Selection_16x.png
[2016.04.12-17.31.53:625][  0]LogStreaming:Warning: Failed to read file '../../../Engine/Content/Editor/Slate/Common/Selection_16x.png' error.
[2016.04.12-17.31.53:625][  0]LogSlate: Could not find file for Slate resource: ../../../Engine/Content/Editor/Slate/Common/Selection_16x.png
[2016.04.12-17.31.53:625][  0]LogStreaming:Warning: Failed to read file '../../../Engine/Content/Editor/Slate/Common/Selection_16x.png' error.
[2016.04.12-17.31.53:625][  0]LogSlate: Could not find file for Slate resource: ../../../Engine/Content/Editor/Slate/Common/Selection_16x.png
[2016.04.12-17.31.54:096][  0]LogUdpMessaging: Initializing bridge on interface 0.0.0.0:0 to multicast group 230.0.0.1:6666.
[2016.04.12-17.31.54:211][  0]LogAssetRegistry: FAssetRegistry took 0.0222 seconds to start up
[2016.04.12-17.31.54:331][  0]SourceControl: Info Source control is disabled
[2016.04.12-17.31.54:378][  0]SourceControl: Info Source control is disabled
[2016.04.12-17.31.54:386][  0]SourceControl: Info Source control is disabled
[2016.04.12-17.31.54:394][  0]SourceControl: Info Source control is disabled
[2016.04.12-17.31.54:569][  0]LogEngine: Initializing Engine...
[2016.04.12-17.31.54:570][  0]LogHMD: SteamVR failed to initialize.  Err: 110
[2016.04.12-17.31.54:570][  0]LogHMD: SteamVR failed to initialize.  Err: 110
[2016.04.12-17.31.54:681][  0]LogAIModule: Creating AISystem for world NewWorld
[2016.04.12-17.31.54:685][  0]LogInit: XAudio2 using 'PB248-C (NVIDIA High Definition Audio)' : 2 channels at 48 kHz using 16 bits per sample (channel mask 0x3)
[2016.04.12-17.31.54:695][  0]LogInit: FAudioDevice initialized.
[2016.04.12-17.31.54:715][  0]LogDerivedDataCache: Saved boot cache 0.02s 46MB C:/Users/TENORIO.thales/AppData/Local/UnrealEngine/4.11/DerivedDataCache/Boot.ddc.
[2016.04.12-17.31.54:719][  0]LogInit: Texture streaming: Enabled
[2016.04.12-17.31.54:742][  0]LogInit: Transaction tracking system initialized
[2016.04.12-17.31.54:767][  0]BlueprintLog: New page: Editor Load
[2016.04.12-17.31.54:835][  0]LocalizationService: Info Localization service is disabled
[2016.04.12-17.31.54:895][  0]LogConsoleResponse:Display: 
[2016.04.12-17.31.54:971][  0]LogCook:Display: Max memory allowance for cook 8192mb
[2016.04.12-17.31.54:971][  0]LogCook:Display: Mobile HDR setting 1
[2016.04.12-17.31.54:971][  0]LogCook:Display: Done creating registry. It took  0.00s.
[2016.04.12-17.31.55:016][  0]LogFileCache: Scanning file cache for directory 'C:/Users/TENORIO.thales/Desktop/Panopticon/Panopticon/UnrealProject/Content/' took 0.01s
[2016.04.12-17.31.55:016][  0]SourceControl: Info Source control is disabled
[2016.04.12-17.31.55:016][  0]Cmd: MAP LOAD FILE="../../../Engine/Content/Maps/Templates/Template_Default.umap" TEMPLATE=1 SHOWPROGRESS=1 FEATURELEVEL=3
[2016.04.12-17.31.55:016][  0]LightingResults: New page: Lighting Build
[2016.04.12-17.31.55:019][  0]MapCheck: New page: Map Check
[2016.04.12-17.31.55:019][  0]LightingResults: New page: Lighting Build
[2016.04.12-17.31.55:202][  0]LogAIModule: Creating AISystem for world Untitled_1
[2016.04.12-17.31.55:206][  0]LogEditorServer: Finished looking for orphan Actors (0.000 secs)
[2016.04.12-17.31.55:210][  0]Cmd: MAP CHECKDEP NOCLEARLOG
[2016.04.12-17.31.55:244][  0]MapCheck: Info Map check complete: 0 Error(s), 0 Warning(s), took 33.263ms to complete.
[2016.04.12-17.31.55:244][  0]LogFileHelpers: Loading map 'Template_Default' took 0.228
[2016.04.12-17.31.55:340][  0]LogCollectionManager: Loaded 0 collections in 0.002512 seconds
[2016.04.12-17.31.55:379][  0]LogFileCache: Scanning file cache for directory 'C:/Users/TENORIO.thales/Desktop/Panopticon/Panopticon/UnrealProject/Saved/Collections/' took 0.01s
[2016.04.12-17.31.55:379][  0]LogFileCache: Scanning file cache for directory 'C:/Users/TENORIO.thales/Desktop/Panopticon/Panopticon/UnrealProject/Content/Developers/TENORIOthales/Collections/' took 0.01s
[2016.04.12-17.31.55:379][  0]LogFileCache: Scanning file cache for directory 'C:/Users/TENORIO.thales/Desktop/Panopticon/Panopticon/UnrealProject/Content/Collections/' took 0.01s
[2016.04.12-17.31.55:379][  0]LogCollectionManager: Rebuilt the GUID cache for 0 collections in 0.000002 seconds
[2016.04.12-17.31.55:385][  0]LogContentBrowser: Native class hierarchy populated in 0.0062 seconds. Added 1982 classes and 345 folders.
[2016.04.12-17.31.55:389][  0]LogStats: UGameplayTagsManager::ConstructGameplayTagTree: Construct from data asset -  0.000 s
[2016.04.12-17.31.55:389][  0]LogStats: UGameplayTagsManager::ConstructGameplayTagTree: GameplayTagTreeChangedEvent.Broadcast -  0.000 s
[2016.04.12-17.31.55:390][  0]LogContentBrowser: Native class hierarchy updated for 'GameplayTags' in 0.0010 seconds. Added 12 classes and 0 folders.
[2016.04.12-17.31.55:396][  0]LogContentBrowser: Native class hierarchy updated for 'WidgetCarousel' in 0.0009 seconds. Added 0 classes and 0 folders.
[2016.04.12-17.31.55:402][  0]LogContentBrowser: Native class hierarchy updated for 'SuperSearch' in 0.0010 seconds. Added 1 classes and 2 folders.
[2016.04.12-17.31.55:430][  0]LogContentBrowser: Native class hierarchy updated for 'AddContentDialog' in 0.0010 seconds. Added 0 classes and 0 folders.
[2016.04.12-17.31.55:434][  0]LogContentBrowser: Native class hierarchy updated for 'SceneOutliner' in 0.0010 seconds. Added 1 classes and 2 folders.
[2016.04.12-17.31.55:452][  0]LogCrashTracker: Crashtracker disabled due to settings.
[2016.04.12-17.31.55:455][  0]LogUObjectGlobals:Warning: Failed to find object 'Class None.'
[2016.04.12-17.31.55:482][  0]LogContentBrowser: Native class hierarchy updated for 'HierarchicalLODOutliner' in 0.0009 seconds. Added 1 classes and 2 folders.
[2016.04.12-17.31.55:482][  0]LogLoad: Full Startup: 4.58 seconds (BP compile: 0.02 seconds)
[2016.04.12-17.31.55:482][  0]LogExternalProfiler: Found external profiler: VSPerf
[2016.04.12-17.31.55:482][  0]LogExternalProfiler: Using external profiler: VSPerf
[2016.04.12-17.31.55:491][  0]LogOcInput: OculusInput pre-init called
[2016.04.12-17.31.55:504][  0]LogAssetRegistry: Asset discovery search completed in 1.3154 seconds
[2016.04.12-17.31.55:504][  0]LogCollectionManager: Rebuilt the object cache for 0 collections in 0.000000 seconds (found 0 objects)
[2016.04.12-17.31.55:504][  0]LogCollectionManager: Fixed up redirectors for 0 collections in 0.000014 seconds (updated 0 objects)
[2016.04.12-17.31.55:525][  0]LogContentStreaming: Texture pool size now 1000 MB
[2016.04.12-17.31.55:654][  0]LogRenderer: Reallocating scene render targets to support 1208x652 (Frame:2).
[2016.04.12-17.31.59:567][350]LogVSAccessor:Warning: Couldn't goto line number '0' in 'C:/Users/TENORIO.thales/Desktop/Panopticon/Panopticon/UnrealProject/Source/UnrealProject/BubblesGenerator.h'
[2016.04.12-17.31.59:635][350]LogVSAccessor:Warning: Couldn't goto line number '0' in 'C:/Users/TENORIO.thales/Desktop/Panopticon/Panopticon/UnrealProject/Source/UnrealProject/BubblesGenerator.cpp'
[2016.04.12-17.32.10:635][380]LogContentBrowser: Native class hierarchy updated for 'BlueprintGraph' in 0.0014 seconds. Added 108 classes and 0 folders.
[2016.04.12-17.33.04:341][679]Cmd: OBJ SAVEPACKAGE PACKAGE="/Game/Blueprints/CityMapActor" FILE="../../../../../../Users/TENORIO.thales/Desktop/Panopticon/Panopticon/UnrealProject/Content/Blueprints/CityMapActor.uasset" SILENT=true
[2016.04.12-17.33.04:399][679]LogSavePackage: Save=52.62ms
[2016.04.12-17.33.04:399][679]LogSavePackage: Moving '../../../../../../Users/TENORIO.thales/Desktop/Panopticon/Panopticon/UnrealProject/Saved/CityMapActorCE0EA92D425A2AC9E0585F98B4A52CD8.tmp' to '../../../../../../Users/TENORIO.thales/Desktop/Panopticon/Panopticon/UnrealProject/Content/Blueprints/CityMapActor.uasset'
[2016.04.12-17.33.04:402][679]LogSavePackage: Total save time: 59.17ms
[2016.04.12-17.33.04:402][679]LogSavePackage:Display: Finished SavePackage ../../../../../../Users/TENORIO.thales/Desktop/Panopticon/Panopticon/UnrealProject/Content/Blueprints/CityMapActor.uasset
[2016.04.12-17.33.20:964][662]Cmd: OBJ SAVEPACKAGE PACKAGE="/Game/Blueprints/CityMapActor" FILE="../../../../../../Users/TENORIO.thales/Desktop/Panopticon/Panopticon/UnrealProject/Content/Blueprints/CityMapActor.uasset" SILENT=true
[2016.04.12-17.33.21:005][662]LogSavePackage: Save=36.98ms
[2016.04.12-17.33.21:005][662]LogSavePackage: Moving '../../../../../../Users/TENORIO.thales/Desktop/Panopticon/Panopticon/UnrealProject/Saved/CityMapActor27F547834E6A770C72D41097B45DA7EC.tmp' to '../../../../../../Users/TENORIO.thales/Desktop/Panopticon/Panopticon/UnrealProject/Content/Blueprints/CityMapActor.uasset'
[2016.04.12-17.33.21:008][662]LogSavePackage: Total save time: 42.30ms
[2016.04.12-17.33.21:008][662]LogSavePackage:Display: Finished SavePackage ../../../../../../Users/TENORIO.thales/Desktop/Panopticon/Panopticon/UnrealProject/Content/Blueprints/CityMapActor.uasset
[2016.04.12-17.33.58:092][ 64]Cmd: OBJ SAVEPACKAGE PACKAGE="/Game/Blueprints/CityMapActor" FILE="../../../../../../Users/TENORIO.thales/Desktop/Panopticon/Panopticon/UnrealProject/Content/Blueprints/CityMapActor.uasset" SILENT=true
[2016.04.12-17.33.58:144][ 64]LogSavePackage: Save=48.18ms
[2016.04.12-17.33.58:144][ 64]LogSavePackage: Moving '../../../../../../Users/TENORIO.thales/Desktop/Panopticon/Panopticon/UnrealProject/Saved/CityMapActor6CB136CF417CAD52CFD4B08E0C61FB1B.tmp' to '../../../../../../Users/TENORIO.thales/Desktop/Panopticon/Panopticon/UnrealProject/Content/Blueprints/CityMapActor.uasset'
[2016.04.12-17.33.58:147][ 64]LogSavePackage: Total save time: 53.48ms
[2016.04.12-17.33.58:147][ 64]LogSavePackage:Display: Finished SavePackage ../../../../../../Users/TENORIO.thales/Desktop/Panopticon/Panopticon/UnrealProject/Content/Blueprints/CityMapActor.uasset
[2016.04.12-17.34.00:515][346]Cmd: OBJ SAVEPACKAGE PACKAGE="/Game/Blueprints/CityMapActor" FILE="../../../../../../Users/TENORIO.thales/Desktop/Panopticon/Panopticon/UnrealProject/Content/Blueprints/CityMapActor.uasset" SILENT=true
[2016.04.12-17.34.00:557][346]LogSavePackage: Save=39.41ms
[2016.04.12-17.34.00:557][346]LogSavePackage: Moving '../../../../../../Users/TENORIO.thales/Desktop/Panopticon/Panopticon/UnrealProject/Saved/CityMapActor5010C1B94E9BA43A76868E974D1C0A50.tmp' to '../../../../../../Users/TENORIO.thales/Desktop/Panopticon/Panopticon/UnrealProject/Content/Blueprints/CityMapActor.uasset'
[2016.04.12-17.34.00:560][346]LogSavePackage: Total save time: 43.64ms
[2016.04.12-17.34.00:560][346]LogSavePackage:Display: Finished SavePackage ../../../../../../Users/TENORIO.thales/Desktop/Panopticon/Panopticon/UnrealProject/Content/Blueprints/CityMapActor.uasset
[2016.04.12-17.34.01:042][403]BlueprintLog: New page: Compile CityMapActor
[2016.04.12-17.34.01:068][403]LogBlueprint:Error: [compiler CityMapActor] Error This blueprint (self) is not a CityMap, therefore ' Target ' must have a connection.
[2016.04.12-17.34.01:068][403]LogBlueprint:Error: [compiler CityMapActor] Error This blueprint (self) is not a CityMap, therefore ' Target ' must have a connection.
[2016.04.12-17.34.01:068][403]LogBlueprint:Error: [compiler CityMapActor] Error Variable node  Set ZoomOut  uses an invalid target.  It may depend on a node that is not connected to the execution chain, and got purged.
[2016.04.12-17.34.01:068][403]LogBlueprint:Error: [compiler CityMapActor] Error Variable node  Set ZoomIn  uses an invalid target.  It may depend on a node that is not connected to the execution chain, and got purged.
[2016.04.12-17.34.01:162][403]LogBlueprint:Warning: [compiler CityMapActor] Warning [0130.26] Compile of CityMapActor failed. 4 Fatal Issue(s) 0 Warning(s) [in 119 ms]
[2016.04.12-17.34.01:174][403]BlueprintEditorCompileResults:Error: Error This blueprint (self) is not a CityMap, therefore ' Target ' must have a connection.
[2016.04.12-17.34.01:174][403]BlueprintEditorCompileResults:Error: Error This blueprint (self) is not a CityMap, therefore ' Target ' must have a connection.
[2016.04.12-17.34.01:174][403]BlueprintEditorCompileResults:Error: Error Variable node  Set ZoomOut  uses an invalid target.  It may depend on a node that is not connected to the execution chain, and got purged.
[2016.04.12-17.34.01:174][403]BlueprintEditorCompileResults:Error: Error Variable node  Set ZoomIn  uses an invalid target.  It may depend on a node that is not connected to the execution chain, and got purged.
[2016.04.12-17.34.01:174][403]BlueprintEditorCompileResults:Warning: Warning [0130.26] Compile of CityMapActor failed. 4 Fatal Issue(s) 0 Warning(s) [in 119 ms]
[2016.04.12-17.34.14:023][932]Cmd: OBJ SAVEPACKAGE PACKAGE="/Game/Blueprints/CityMapActor" FILE="../../../../../../Users/TENORIO.thales/Desktop/Panopticon/Panopticon/UnrealProject/Content/Blueprints/CityMapActor.uasset" SILENT=true
[2016.04.12-17.34.14:072][932]LogSavePackage: Save=45.57ms
[2016.04.12-17.34.14:072][932]LogSavePackage: Moving '../../../../../../Users/TENORIO.thales/Desktop/Panopticon/Panopticon/UnrealProject/Saved/CityMapActorFE91504346BE9E90379BC7B267172D20.tmp' to '../../../../../../Users/TENORIO.thales/Desktop/Panopticon/Panopticon/UnrealProject/Content/Blueprints/CityMapActor.uasset'
[2016.04.12-17.34.14:075][932]LogSavePackage: Total save time: 50.60ms
[2016.04.12-17.34.14:075][932]LogSavePackage:Display: Finished SavePackage ../../../../../../Users/TENORIO.thales/Desktop/Panopticon/Panopticon/UnrealProject/Content/Blueprints/CityMapActor.uasset
[2016.04.12-17.34.14:589][993]BlueprintLog: New page: Compile CityMapActor
[2016.04.12-17.34.14:654][993]BlueprintEditorCompileResults: Info [0143.75] Compile of CityMapActor successful! [in 64 ms]
[2016.04.12-17.34.22:018][815]LogAIModule: Creating AISystem for world GenerationCpp
[2016.04.12-17.34.22:034][815]Cmd: MAP LOAD FILE="../../../../../../Users/TENORIO.thales/Desktop/Panopticon/Panopticon/UnrealProject/Content/Levels/GenerationCpp.umap" TEMPLATE=0 SHOWPROGRESS=1 FEATURELEVEL=3
[2016.04.12-17.34.22:035][815]LightingResults: New page: Lighting Build
[2016.04.12-17.34.22:048][815]LoadErrors: New page: Loading map: GenerationCpp.umap
[2016.04.12-17.34.22:049][815]MapCheck: New page: Map Check
[2016.04.12-17.34.22:049][815]LightingResults: New page: Lighting Build
[2016.04.12-17.34.22:062][815]LogEditorServer: Finished looking for orphan Actors (0.000 secs)
[2016.04.12-17.34.22:084][815]Cmd: MAP CHECKDEP NOCLEARLOG
[2016.04.12-17.34.22:120][815]MapCheck: Info Map check complete: 0 Error(s), 0 Warning(s), took 36.691ms to complete.
[2016.04.12-17.34.22:120][815]LogFileHelpers: Loading map 'GenerationCpp' took 0.087
[2016.04.12-17.34.23:593][987]LogBlueprintUserMessages: Early PlayInEditor Detection: Level '/Game/Levels/GenerationCpp.GenerationCpp:PersistentLevel' has LevelScriptBlueprint '/Game/Levels/GenerationCpp.GenerationCpp:PersistentLevel.GenerationCpp' with GeneratedClass '/Game/Levels/GenerationCpp.GenerationCpp_C' with ClassGeneratedBy '/Game/Levels/GenerationCpp.GenerationCpp:PersistentLevel.GenerationCpp'
[2016.04.12-17.34.23:593][987]LogPlayLevel: PlayLevel: No blueprints needed recompiling
[2016.04.12-17.34.23:593][987]PIE: New page: PIE session: GenerationCpp (Apr 12, 2016, 8:34:23 PM)
[2016.04.12-17.34.23:593][987]LogPlayLevel: Creating play world package: /Game/Levels/UEDPIE_0_GenerationCpp
[2016.04.12-17.34.23:595][987]LogPlayLevel: PIE: StaticDuplicateObject took: (0.001104s)
[2016.04.12-17.34.23:595][987]LogAIModule: Creating AISystem for world GenerationCpp
[2016.04.12-17.34.23:595][987]LogPlayLevel: PIE: World Init took: (0.000520s)
[2016.04.12-17.34.23:595][987]LogPlayLevel: PIE: Created PIE world by copying editor world from /Game/Levels/GenerationCpp.GenerationCpp to /Game/Levels/UEDPIE_0_GenerationCpp.GenerationCpp (0.001758s)
[2016.04.12-17.34.23:608][987]LogInit: XAudio2 using 'PB248-C (NVIDIA High Definition Audio)' : 2 channels at 48 kHz using 16 bits per sample (channel mask 0x3)
[2016.04.12-17.34.23:611][987]LogInit: FAudioDevice initialized.
[2016.04.12-17.34.23:652][987]LogWorld: Game class is 'GameMode'
[2016.04.12-17.34.23:654][987]LogWorld: Bringing World /Game/Levels/UEDPIE_0_GenerationCpp.GenerationCpp up for play (max tick rate 0) at 2016.04.12-19.34.23
[2016.04.12-17.34.23:654][987]LogWorld: Bringing up level for play took: 0.001037
[2016.04.12-17.34.23:660][987]LogContentBrowser: Native class hierarchy updated for 'MovieSceneCapture' in 0.0010 seconds. Added 9 classes and 0 folders.
[2016.04.12-17.34.23:660][987]PIE: Info Play in editor start time for /Game/Levels/UEDPIE_0_GenerationCpp -0.444
[2016.04.12-17.34.23:661][987]LogBlueprintUserMessages: Late PlayInEditor Detection: Level '/Game/Levels/GenerationCpp.GenerationCpp:PersistentLevel' has LevelScriptBlueprint '/Game/Levels/GenerationCpp.GenerationCpp:PersistentLevel.GenerationCpp' with GeneratedClass '/Game/Levels/GenerationCpp.GenerationCpp_C' with ClassGeneratedBy '/Game/Levels/GenerationCpp.GenerationCpp:PersistentLevel.GenerationCpp'
[2016.04.12-17.36.19:240][853]LogBlueprintUserMessages: Early EndPlayMap Detection: Level '/Game/Levels/GenerationCpp.GenerationCpp:PersistentLevel' has LevelScriptBlueprint '/Game/Levels/GenerationCpp.GenerationCpp:PersistentLevel.GenerationCpp' with GeneratedClass '/Game/Levels/GenerationCpp.GenerationCpp_C' with ClassGeneratedBy '/Game/Levels/GenerationCpp.GenerationCpp:PersistentLevel.GenerationCpp'
[2016.04.12-17.36.19:277][853]LogBlueprintUserMessages: Late EndPlayMap Detection: Level '/Game/Levels/GenerationCpp.GenerationCpp:PersistentLevel' has LevelScriptBlueprint '/Game/Levels/GenerationCpp.GenerationCpp:PersistentLevel.GenerationCpp' with GeneratedClass '/Game/Levels/GenerationCpp.GenerationCpp_C' with ClassGeneratedBy '/Game/Levels/GenerationCpp.GenerationCpp:PersistentLevel.GenerationCpp'
[2016.04.12-17.36.24:696][400]LogSavePackage: Save=51.37ms
[2016.04.12-17.36.24:696][400]LogSavePackage: Moving '../../../../../../Users/TENORIO.thales/Desktop/Panopticon/Panopticon/UnrealProject/Saved/GenerationCpp33FBBDEF482DAD5A881C9F81FF192365.tmp' to '../../../../../../Users/TENORIO.thales/Desktop/Panopticon/Panopticon/UnrealProject/Content/Levels/GenerationCpp.umap'
[2016.04.12-17.36.24:699][400]LogSavePackage: Total save time: 58.89ms
[2016.04.12-17.36.24:699][400]LogSavePackage:Display: Finished SavePackage ../../../../../../Users/TENORIO.thales/Desktop/Panopticon/Panopticon/UnrealProject/Content/Levels/GenerationCpp.umap
[2016.04.12-17.36.24:718][400]LogFileHelpers: Saving map 'GenerationCpp' took 0.131
[2016.04.12-17.36.25:274][455]LogBlueprintUserMessages: Early PlayInEditor Detection: Level '/Game/Levels/GenerationCpp.GenerationCpp:PersistentLevel' has LevelScriptBlueprint '/Game/Levels/GenerationCpp.GenerationCpp:PersistentLevel.GenerationCpp' with GeneratedClass '/Game/Levels/GenerationCpp.GenerationCpp_C' with ClassGeneratedBy '/Game/Levels/GenerationCpp.GenerationCpp:PersistentLevel.GenerationCpp'
[2016.04.12-17.36.25:274][455]LogPlayLevel: PlayLevel: No blueprints needed recompiling
[2016.04.12-17.36.25:274][455]PIE: New page: PIE session: GenerationCpp (Apr 12, 2016, 8:36:25 PM)
[2016.04.12-17.36.25:274][455]LogPlayLevel: Creating play world package: /Game/Levels/UEDPIE_0_GenerationCpp
[2016.04.12-17.36.25:276][455]LogPlayLevel: PIE: StaticDuplicateObject took: (0.001696s)
[2016.04.12-17.36.25:277][455]LogAIModule: Creating AISystem for world GenerationCpp
[2016.04.12-17.36.25:277][455]LogPlayLevel: PIE: World Init took: (0.000480s)
[2016.04.12-17.36.25:277][455]LogPlayLevel: PIE: Created PIE world by copying editor world from /Game/Levels/GenerationCpp.GenerationCpp to /Game/Levels/UEDPIE_0_GenerationCpp.GenerationCpp (0.002323s)
[2016.04.12-17.36.25:320][455]LogInit: XAudio2 using 'PB248-C (NVIDIA High Definition Audio)' : 2 channels at 48 kHz using 16 bits per sample (channel mask 0x3)
[2016.04.12-17.36.25:323][455]LogInit: FAudioDevice initialized.
[2016.04.12-17.36.25:353][455]LogWorld: Game class is 'GameMode'
[2016.04.12-17.36.25:355][455]LogWorld: Bringing World /Game/Levels/UEDPIE_0_GenerationCpp.GenerationCpp up for play (max tick rate 0) at 2016.04.12-19.36.25
[2016.04.12-17.36.25:355][455]LogWorld: Bringing up level for play took: 0.001130
[2016.04.12-17.36.25:357][455]PIE: Info Play in editor start time for /Game/Levels/UEDPIE_0_GenerationCpp -0.748
[2016.04.12-17.36.25:357][455]LogBlueprintUserMessages: Late PlayInEditor Detection: Level '/Game/Levels/GenerationCpp.GenerationCpp:PersistentLevel' has LevelScriptBlueprint '/Game/Levels/GenerationCpp.GenerationCpp:PersistentLevel.GenerationCpp' with GeneratedClass '/Game/Levels/GenerationCpp.GenerationCpp_C' with ClassGeneratedBy '/Game/Levels/GenerationCpp.GenerationCpp:PersistentLevel.GenerationCpp'
[2016.04.12-17.37.23:473][428]LogBlueprintUserMessages: Early EndPlayMap Detection: Level '/Game/Levels/GenerationCpp.GenerationCpp:PersistentLevel' has LevelScriptBlueprint '/Game/Levels/GenerationCpp.GenerationCpp:PersistentLevel.GenerationCpp' with GeneratedClass '/Game/Levels/GenerationCpp.GenerationCpp_C' with ClassGeneratedBy '/Game/Levels/GenerationCpp.GenerationCpp:PersistentLevel.GenerationCpp'
[2016.04.12-17.37.23:515][428]LogBlueprintUserMessages: Late EndPlayMap Detection: Level '/Game/Levels/GenerationCpp.GenerationCpp:PersistentLevel' has LevelScriptBlueprint '/Game/Levels/GenerationCpp.GenerationCpp:PersistentLevel.GenerationCpp' with GeneratedClass '/Game/Levels/GenerationCpp.GenerationCpp_C' with ClassGeneratedBy '/Game/Levels/GenerationCpp.GenerationCpp:PersistentLevel.GenerationCpp'
[2016.04.12-17.37.29:016][958]LogBlueprintUserMessages: Early PlayInEditor Detection: Level '/Game/Levels/GenerationCpp.GenerationCpp:PersistentLevel' has LevelScriptBlueprint '/Game/Levels/GenerationCpp.GenerationCpp:PersistentLevel.GenerationCpp' with GeneratedClass '/Game/Levels/GenerationCpp.GenerationCpp_C' with ClassGeneratedBy '/Game/Levels/GenerationCpp.GenerationCpp:PersistentLevel.GenerationCpp'
[2016.04.12-17.37.29:016][958]LogPlayLevel: PlayLevel: No blueprints needed recompiling
[2016.04.12-17.37.29:016][958]PIE: New page: PIE session: GenerationCpp (Apr 12, 2016, 8:37:29 PM)
[2016.04.12-17.37.29:016][958]LogPlayLevel: Creating play world package: /Game/Levels/UEDPIE_0_GenerationCpp
[2016.04.12-17.37.29:018][958]LogPlayLevel: PIE: StaticDuplicateObject took: (0.001527s)
[2016.04.12-17.37.29:018][958]LogAIModule: Creating AISystem for world GenerationCpp
[2016.04.12-17.37.29:018][958]LogPlayLevel: PIE: World Init took: (0.000495s)
[2016.04.12-17.37.29:018][958]LogPlayLevel: PIE: Created PIE world by copying editor world from /Game/Levels/GenerationCpp.GenerationCpp to /Game/Levels/UEDPIE_0_GenerationCpp.GenerationCpp (0.002174s)
[2016.04.12-17.37.29:057][958]LogInit: XAudio2 using 'PB248-C (NVIDIA High Definition Audio)' : 2 channels at 48 kHz using 16 bits per sample (channel mask 0x3)
[2016.04.12-17.37.29:060][958]LogInit: FAudioDevice initialized.
[2016.04.12-17.37.29:091][958]LogWorld: Game class is 'GameMode'
[2016.04.12-17.37.29:093][958]LogWorld: Bringing World /Game/Levels/UEDPIE_0_GenerationCpp.GenerationCpp up for play (max tick rate 0) at 2016.04.12-19.37.29
[2016.04.12-17.37.29:093][958]LogWorld: Bringing up level for play took: 0.001272
[2016.04.12-17.37.29:094][958]PIE: Info Play in editor start time for /Game/Levels/UEDPIE_0_GenerationCpp 0.99
[2016.04.12-17.37.29:094][958]LogBlueprintUserMessages: Late PlayInEditor Detection: Level '/Game/Levels/GenerationCpp.GenerationCpp:PersistentLevel' has LevelScriptBlueprint '/Game/Levels/GenerationCpp.GenerationCpp:PersistentLevel.GenerationCpp' with GeneratedClass '/Game/Lev