"../../../Engine/Content/EditorResources/S_Actor.uasset" 0
"../../../Engine/Content/EngineFonts/Roboto.uasset" 1
"../../../Engine/Content/Functions/Engine_MaterialFunctions01/Shading/PowerToRoughness.uasset" 2
"../../../Engine/Content/Functions/Engine_MaterialFunctions01/Shading/ConvertFromDiffSpec.uasset" 3
"../../../Engine/Content/EngineMaterials/DefaultDiffuse.uasset" 4
"../../../Engine/Content/EngineMaterials/DefaultDeferredDecalMaterial.uasset" 5
"../../../Engine/Content/EngineMaterials/DefaultLightFunctionMaterial.uasset" 6
"../../../Engine/Content/Functions/Engine_MaterialFunctions02/Utility/BreakOutFloat2Components.uasset" 7
"../../../Engine/Content/EngineMaterials/DefaultPostProcessMaterial.uasset" 8
"../../../Engine/Content/EngineResources/DefaultTexture.uasset" 9
"../../../Engine/Content/Functions/Engine_MaterialFunctions01/Texturing/ScaleUVsByCenter.uasset" 10
"../../../Engine/Content/Functions/Engine_MaterialFunctions02/ScreenResolution.uasset" 11
"../../../Engine/Content/Functions/Engine_MaterialFunctions02/Texturing/ScreenAlignedUVs.uasset" 12
"../../../Engine/Content/EngineResources/WhiteSquareTexture.uasset" 13
"../../../Engine/Content/EngineMaterials/Widget3DPassThrough.uasset" 14
"../../../Engine/Content/EngineMaterials/Widget3DPassThrough_Translucent.uasset" 15
"../../../Engine/Content/EngineMaterials/Widget3DPassThrough_Translucent_OneSided.uasset" 16
"../../../Engine/Content/EngineMaterials/Widget3DPassThrough_Opaque.uasset" 17
"../../../Engine/Content/EngineMaterials/Widget3DPassThrough_Opaque_OneSided.uasset" 18
"../../../Engine/Content/EngineMaterials/Widget3DPassThrough_Masked.uasset" 19
"../../../Engine/Content/EngineMaterials/Widget3DPassThrough_Masked_OneSided.uasset" 20
"../../../Engine/Content/Maps/Templates/Thumbnails/Default.uasset" 21
"../../../Engine/Content/EditorMaterials/ParticleSystems/PSysThumbnail_NoImage.uasset" 22
"../../../Engine/Content/EditorMaterials/ParticleSystems/PSysThumbnail_OOD.uasset" 23
"../../../Engine/Content/EditorLandscapeResources/DataLayer.uasset" 24
"../../../Engine/Content/EngineDamageTypes/DmgTypeBP_Environmental.uasset" 25
"../../../Engine/Content/EngineMeshes/Sphere.uasset" 26
"../../../Engine/Content/EngineFonts/RobotoDistanceField.uasset" 27
"../../../Engine/Content/EngineMaterials/DefaultTextMaterialOpaque.uasset" 28
"../../../Engine/Content/EditorResources/S_Trigger.uasset" 29
"../../../Engine/Content/EngineResources/GradientTexture0.uasset" 30
"../../../Engine/Content/EngineResources/Black.uasset" 31
"../../../Engine/Content/EditorMaterials/MatineeGroups/MAT_Groups_Float.uasset" 32
"../../../Engine/Content/EditorMaterials/MatineeGroups/MAT_Groups_Director.uasset" 33
"../../../Engine/Content/EditorMaterials/MatineeGroups/MAT_Groups_Event.uasset" 34
"../../../Engine/Content/EditorMaterials/MatineeGroups/MAT_Groups_Anim.uasset" 35
"../../../Engine/Content/EditorMaterials/MatineeGroups/MAT_Groups_Fade.uasset" 36
"../../../Engine/Content/EditorMaterials/MatineeGroups/MAT_Groups_Move.uasset" 37
"../../../Engine/Content/EditorMaterials/MatineeGroups/MAT_Groups_Slomo.uasset" 38
"../../../Engine/Content/EditorMaterials/MatineeGroups/MAT_ColorTrack.uasset" 39
"../../../Engine/Content/EditorMaterials/MAT_Groups_Toggle.uasset" 40
"../../../Engine/Content/EditorMaterials/MatineeGroups/MAT_Groups_AudioMaster.uasset" 41
"../../../Engine/Content/EditorMaterials/MatineeGroups/MAT_Groups_Sound.uasset" 42
"../../../Engine/Content/EditorMaterials/MatineeGroups/MAT_Groups_Vector.uasset" 43
"../../../Engine/Content/EditorMaterials/MAT_Groups_Visibility.uasset" 44
"../../../Engine/Content/EngineResources/DefaultTextureCube.uasset" 45
"../../../Engine/Content/Functions/Engine_MaterialFunctions01/Opacity/CameraDepthFade.uasset" 46
"../../../Engine/Content/EngineMaterials/T_Default_Material_Grid_M.uasset" 47
"../../../Engine/Content/EngineMaterials/T_Default_Material_Grid_N.uasset" 48
"../../../Engine/Content/EngineMaterials/DefaultMaterial.uasset" 49
"../../../Engine/Content/EngineMeshes/Cylinder.uasset" 50
"../../../Engine/Content/EngineTireTypes/DefaultTireType.uasset" 51
"../../../Engine/Content/Tutorial/ContentIntroCurve.uasset" 52
"../../../Engine/Plugins/2D/Paper2D/Content/PlaceholderTextures/DummySpriteTexture.uasset" 53
"../../../Engine/Plugins/2D/Paper2D/Content/DefaultSpriteMaterial.uasset" 54
"../../../Engine/Plugins/2D/Paper2D/Content/MaskedUnlitSpriteMaterial.uasset" 55
"../../../Engine/Plugins/2D/Paper2D/Content/OpaqueUnlitSpriteMaterial.uasset" 56
"../../../Engine/Plugins/2D/Paper2D/Content/DummySprite.uasset" 57
"../../../Engine/Plugins/2D/Paper2D/Content/DefaultPaperTerrainMaterial.uasset" 58
"../../../Engine/Content/EngineMaterials/RemoveSurfaceMaterial.uasset" 59
"../../../Engine/Content/EngineDebugMaterials/DebugMeshMaterial.uasset" 60
"../../../Engine/Content/EngineMaterials/InvalidLightmapSettings.uasset" 61
"../../../Engine/Content/EngineMaterials/M_InvalidLightmapSettings.uasset" 62
"../../../Engine/Content/EditorMaterials/GizmoMaterial.uasset" 63
"../../../Engine/Content/EngineMaterials/Good64x64TilingNoiseHighFreq.uasset" 64
"../../../Engine/Content/EngineMaterials/DefaultBokeh.uasset" 65
"../../../Engine/Content/EngineMaterials/PreintegratedSkinBRDF.uasset" 66
"../../../Engine/Content/EngineMaterials/MiniFont.uasset" 67
"../../../Engine/Content/EngineMaterials/WeightMapPlaceholderTexture.uasset" 68
"../../../Engine/Content/EngineMaterials/DefaultWhiteGrid.uasset" 69
"../../../Engine/Content/EngineMaterials/DefaultPhysicalMaterial.uasset" 70
"../../../Engine/Content/EngineFonts/RobotoTiny.uasset" 71
"../../../Engine/Content/EngineResources/AICON-Red.uasset" 72
"../../../Engine/Content/EngineResources/AICON-Green.uasset" 73
"../../../Engine/Content/MobileResources/HUD/MobileHUDButton1_on.uasset" 74
"../../../Engine/Content/MobileResources/HUD/MobileHUDButtonFire.uasset" 75
"../../../Engine/Content/MobileResources/HUD/MobileHUDDirectionPad.uasset" 76
"../../../Engine/Content/MobileResources/HUD/MobileHUDButton1_off.uasset" 77
"../../../Engine/Content/MobileResources/HUD/MobileHUDDirectionPad2.uasset" 78
"../../../Engine/Content/MobileResources/HUD/MobileHUDDirectionPad3.uasset" 79
"../../../Engine/Content/MobileResources/HUD/MobileHUDButton2_on.uasset" 80
"../../../Engine/Content/MobileResources/HUD/MobileHUDButton3.uasset" 81
"../../../Engine/Content/MobileResources/T_MobileControls_texture.uasset" 82
"../../../Engine/Content/MobileResources/HUD/MobileHUDDirectionStick.uasset" 83
"../../../Engine/Content/MobileResources/T_MobileMenu2.uasset" 84
"../../../Engine/Content/MobileResources/HUD/VirtualJoystick_Background.uasset" 85
"../../../Engine/Content/MobileResources/HUD/VirtualJoystick_Thumb.uasset" 86
"../../../Engine/Content/MobileResources/HUD/LeftVirtualJoystickOnly.uasset" 87
"../../../Engine/Content/MobileResources/HUD/T_Castle_ThumbstickInner.uasset" 88
"../../../UnrealProject/Content/Textures/City/Noise.uasset" 89
"../../../UnrealProject/Content/Textures/City/Scan_01.uasset" 90
"../../../UnrealProject/Content/Materials/Bubbles/M_Bulles.uasset" 91
"../../../UnrealProject/Content/Textures/City/M_Noise.uasset" 92
"../../../UnrealProject/Content/Textures/City/Scan_02.uasset" 93
"../../../UnrealProject/Content/Materials/City/M_CityWire.uasset" 94
"../../../UnrealProject/Content/Materials/City/Mi_CityWire_Bubbles.uasset" 95
"../../../Engine/Content/MobileResources/HUD/AnalogHat.uasset" 96
"../../../Engine/Content/MobileResources/HUD/DefaultVirtualJoysticks.uasset" 97
"../../../UnrealProject/Content/WwiseAudio/Windows/Init.uasset" 98
"../../../Engine/Content/EditorResources/LightIcons/S_LightError.uasset" 99
"../../../Engine/Content/EditorResources/EmptyActor.uasset" 100
"../../../Engine/Content/MobileResources/HUD/T_Castle_ThumbstickOutter.uasset" 101
"../../../UnrealProject/Content/WwiseAudio/Windows/PanopticonSoundBank.uasset" 102
"../../../UnrealProject/Content/WwiseAudio/EV_Grow.uasset" 103
"../../../UnrealProject/Content/Blueprints/BP_Grow.uasset" 104
"../../../Engine/Content/MobileResources/HUD/MobileHUDButton2_off.uasset" 105
"../../../UnrealProject/Plugins/Wwise/Content/S_AkComponent.uasset" 106
"../../../Engine/Content/EditorBlueprintResources/StandardMacros.uasset" 107
"../../../UnrealProject/Plugins/Wwise/Content/AnimNotify_AkEvent.uasset" 108
"../../../UnrealProject/Content/WwiseAudio/EV_amb.uasset" 109
"../../../UnrealProject/Content/WwiseAudio/EV_zoom.uasset" 110
"../../../Engine/Content/BasicShapes/Cone.uasset" 111
"../../../Engine/Content/EngineMaterials/WorldGridMaterial.uasset" 112
"../../../Engine/Content/BasicShapes/Cube.uasset" 113
"../../../Engine/Content/BasicShapes/Cylinder.uasset" 114
"../../../Engine/Content/BasicShapes/Sphere.uasset" 115
"../../../Engine/Content/EditorMaterials/PhAT_JointLimitMaterial.uasset" 116
"../../../Engine/Content/EditorMaterials/PreviewShadowIndicator.uasset" 117
"../../../Engine/Content/EditorMaterials/PreviewShadowIndicatorMaterial.uasset" 118
"../../../Engine/Content/EditorMeshes/ColorCalibrator/M_ChromeBall.uasset" 119
"../../../Engine/Content/EditorMeshes/ColorCalibrator/M_ClearCoat.uasset" 120
"../../../Engine/Content/EditorMeshes/ColorCalibrator/M_ClearCoatBlack.uasset" 121
"../../../Engine/Content/EditorMeshes/ColorCalibrator/T_ColorGrid.uasset" 122
"../../../Engine/Content/EditorMeshes/ColorCalibrator/M_ColorGrid.uasset" 123
"../../../Engine/Content/EditorMeshes/ColorCalibrator/M_GreyBall.uasset" 124
"../../../Engine/Content/EditorMeshes/ColorCalibrator/SM_ColorCalibrator.uasset" 125
"../../../Engine/Content/EditorResources/BSPVertex.uasset" 126
"../../../Engine/Content/EngineDebugMaterials/HeatmapGradient.uasset" 127
"../../../Engine/Content/EngineDebugMaterials/BoneWeightMaterial.uasset" 128
"../../../Engine/Content/EngineDebugMaterials/GeomMaterial.uasset" 129
"../../../Engine/Content/EngineMaterials/EditorBrushMaterial.uasset" 130
"../../../Engine/Content/EngineMeshes/Cube.uasset" 131
"../../../Engine/Content/Tutorial/Basics/TutorialAssets/icon_tab_Levels_40x.uasset" 132
"../../../Engine/Content/Tutorial/BlueprintTutorials/TutorialAssets/BlueprintInterface_64x.uasset" 133
"../../../Engine/Content/Tutorial/BlueprintTutorials/TutorialAssets/BlueprintMacroLibrary_64x.uasset" 134
"../../../Engine/Content/Tutorial/BlueprintTutorials/TutorialAssets/Blueprint_64x.uasset" 135
"../../../Engine/Content/Tutorial/BlueprintTutorials/TutorialAssets/Tutorial_BP_Interface.uasset" 136
"../../../Engine/Content/Tutorial/Foliage/TutorialAssets/Foliage.uasset" 137
"../../../Engine/Content/Tutorial/Landscape/TutorialAssets/Landscape.uasset" 138
"../../../Engine/Content/Tutorial/Paper2D/TutorialAssets/Paper2DFlipbook_TutorialIcon.uasset" 139
"../../../Engine/Content/Tutorial/Paper2D/TutorialAssets/Paper2DSprite_TutorialIcon.uasset" 140
"../../../Engine/Content/Tutorial/SubEditors/TutorialAssets/icon_Editor_Preferences_General_40x.uasset" 141
"../../../Engine/Content/Tutorial/SubEditors/TutorialAssets/icon_ShowSkeletalMeshes_40x.uasset" 142
"../../../Engine/Content/Tutorial/SubEditors/TutorialAssets/TutorialMaterial.uasset" 143
"../../../Engine/Content/Tutorial/SubEditors/TutorialAssets/T_SmokeSubUV_8X8.uasset" 144
"../../../Engine/Content/Tutorial/SubEditors/TutorialAssets/T_soft_smoke.uasset" 145
"../../../Engine/Content/Tutorial/SubEditors/TutorialAssets/M_smoke_subUV_blackbody.uasset" 146
"../../../Engine/Content/Tutorial/SubEditors/TutorialAssets/TutorialParticleSystem.uasset" 147
"../../../Engine/Content/Tutorial/SubEditors/TutorialAssets/Tutorial_DM.uasset" 148
"../../../Engine/Content/EngineMaterials/DefaultNormal.uasset" 149
"../../../Engine/Content/Maps/Entry.umap" 150
"../../../UnrealProject/Content/Materials/City/Mi_CityWireBuilding.uasset" 151
"../../../UnrealProject/Content/Materials/City/M_VerticesLight.uasset" 152
"../../../UnrealProject/Content/Materials/City/Mi_VerticesLight_Buildings.uasset" 153
"../../../UnrealProject/Content/Materials/City/Mi_VerticesLight_Ground.uasset" 154
"../../../UnrealProject/Content/Mesh/City/City_Buildings.uasset" 155
"../../../UnrealProject/Content/Mesh/City/City_BuildingsVertices.uasset" 156
"../../../UnrealProject/Content/Mesh/City/City_Ground.uasset" 157
"../../../UnrealProject/Content/Mesh/City/City_GroundVertices.uasset" 158
"../../../UnrealProject/Content/Levels/CityLv.umap" 159
"../../../UnrealProject/Content/WwiseAudio/EV_Birds.uasset" 160
"../../../UnrealProject/Content/WwiseAudio/EV_MainAmb.uasset" 161
"../../../Engine/Plugins/Runtime/LeapMotion/Content/Blueprints/Utility/DebugHandUtility.uasset" 162
"../../../Engine/Plugins/Runtime/LeapMotion/Content/Materials/Icon128.uasset" 163
"../../../Engine/Plugins/Runtime/LeapMotion/Content/Blueprints/LeapConnectors/LeapAnimBodyConnector.uasset" 164
"../../../UnrealProject/Content/Blueprints/BP_AudioAmb.uasset" 165
"../../../UnrealProject/Content/WwiseAudio/EV_Selection1.uasset" 166
"../../../UnrealProject/Content/Mesh/bubble.uasset" 167
"../../../Engine/Plugins/2D/Paper2D/Content/TranslucentUnlitSpriteMaterial.uasset" 168
"../../../UnrealProject/Content/Textures/Pictograms/iconepop/animaux/animaux_00000.uasset" 169
"../../../UnrealProject/Content/Textures/Pictograms/iconepop/animaux/animaux_00000_Sprite.uasset" 170
"../../../UnrealProject/Content/Textures/Pictograms/iconepop/animaux/animaux_00001.uasset" 171
"../../../UnrealProject/Content/Textures/Pictograms/iconepop/animaux/animaux_00001_Sprite.uasset" 172
"../../../UnrealProject/Content/Textures/Pictograms/iconepop/animaux/animaux_00002.uasset" 173
"../../../UnrealProject/Content/Textures/Pictograms/iconepop/animaux/animaux_00002_Sprite.uasset" 174
"../../../UnrealProject/Content/Textures/Pictograms/iconepop/animaux/animaux_00003.uasset" 175
"../../../UnrealProject/Content/Textures/Pictograms/iconepop/animaux/animaux_00003_Sprite.uasset" 176
"../../../UnrealProject/Content/Textures/Pictograms/iconepop/animaux/animaux_00004.uasset" 177
"../../../UnrealProject/Content/Textures/Pictograms/iconepop/animaux/animaux_00004_Sprite.uasset" 178
"../../../UnrealProject/Content/Textures/Pictograms/iconepop/animaux/animaux_00005.uasset" 179
"../../../UnrealProject/Content/Textures/Pictograms/iconepop/animaux/animaux_00005_Sprite.uasset" 180
"../../../UnrealProject/Content/Textures/Pictograms/iconepop/animaux/animaux_00006.uasset" 181
"../../../UnrealProject/Content/Textures/Pictograms/iconepop/animaux/animaux_00006_Sprite.uasset" 182
"../../../UnrealProject/Content/Textures/Pictograms/iconepop/animaux/animaux_00007.uasset" 183
"../../../UnrealProject/Content/Textures/Pictograms/iconepop/animaux/animaux_00007_Sprite.uasset" 184
"../../../UnrealProject/Content/Textures/Pictograms/iconepop/animaux/animaux_00008.uasset" 185
"../../../UnrealProject/Content/Textures/Pictograms/iconepop/animaux/animaux_00008_Sprite.uasset" 186
"../../../UnrealProject/Content/Textures/Pictograms/iconepop/animaux/animaux_00009.uasset" 187
"../../../UnrealProject/Content/Textures/Pictograms/iconepop/animaux/animaux_00009_Sprite.uasset" 188
"../../../UnrealProject/Content/Textures/Pictograms/iconepop/animaux/animaux_00010.uasset" 189
"../../../UnrealProject/Content/Textures/Pictograms/iconepop/animaux/animaux_00010_Sprite.uasset" 190
"../../../UnrealProject/Content/Textures/Pictograms/iconepop/animaux/animaux_00011.uasset" 191
"../../../UnrealProject/Content/Textures/Pictograms/iconepop/animaux/animaux_00011_Sprite.uasset" 192
"../../../UnrealProject/Content/Textures/Pictograms/iconepop/animaux/animaux_00012.uasset" 193
"../../../UnrealProject/Content/Textures/Pictograms/iconepop/animaux/animaux_00012_Sprite.uasset" 194
"../../../UnrealProject/Content/Textures/Pictograms/iconepop/animaux/animaux_00013.uasset" 195
"../../../UnrealProject/Content/Textures/Pictograms/iconepop/animaux/animaux_00013_Sprite.uasset" 196
"../../../UnrealProject/Content/Textures/Pictograms/iconepop/animaux/animaux_00014.uasset" 197
"../../../UnrealProject/Content/Textures/Pictograms/iconepop/animaux/animaux_00014_Sprite.uasset" 198
"../../../UnrealProject/Content/Textures/Pictograms/iconepop/animaux/animaux_00015.uasset" 199
"../../../UnrealProject/Content/Textures/Pictograms/iconepop/animaux/animaux_00015_Sprite.uasset" 200
"../../../UnrealProject/Content/Textures/Pictograms/iconepop/animaux/animaux_00016.uasset" 201
"../../../UnrealProject/Content/Textures/Pictograms/iconepop/animaux/animaux_00016_Sprite.uasset" 202
"../../../UnrealProject/Content/Textures/Pictograms/iconepop/animaux/animaux_00017.uasset" 203
"../../../UnrealProject/Content/Textures/Pictograms/iconepop/animaux/animaux_00017_Sprite.uasset" 204
"../../../UnrealProject/Content/Textures/Pictograms/iconepop/animaux/animaux_00018.uasset" 205
"../../../UnrealProject/Content/Textures/Pictograms/iconepop/animaux/animaux_00018_Sprite.uasset" 206
"../../../UnrealProject/Content/Textures/Pictograms/iconepop/animaux/animaux_00019.uasset" 207
"../../../UnrealProject/Content/Textures/Pictograms/iconepop/animaux/animaux_00019_Sprite.uasset" 208
"../../../UnrealProject/Content/Textures/Pictograms/iconepop/animaux/animaux_00020.uasset" 209
"../../../UnrealProject/Content/Textures/Pictograms/iconepop/animaux/animaux_00020_Sprite.uasset" 210
"../../../UnrealProject/Content/Textures/Pictograms/iconepop/animaux/animaux_00021.uasset" 211
"../../../UnrealProject/Content/Textures/Pictograms/iconepop/animaux/animaux_00021_Sprite.uasset" 212
"../../../UnrealProject/Content/Textures/Pictograms/iconepop/animaux/animaux_00022.uasset" 213
"../../../UnrealProject/Content/Textures/Pictograms/iconepop/animaux/animaux_00022_Sprite.uasset" 214
"../../../UnrealProject/Content/Textures/Pictograms/iconepop/animaux/animaux_00023.uasset" 215
"../../../UnrealProject/Content/Textures/Pictograms/iconepop/animaux/animaux_00023_Sprite.uasset" 216
"../../../UnrealProject/Content/Textures/Pictograms/iconepop/animaux/animaux_00024.uasset" 217
"../../../UnrealProject/Content/Textures/Pictograms/iconepop/animaux/animaux_00024_Sprite.uasset" 218
"../../../UnrealProject/Content/Textures/Pictograms/iconepop/animaux/animaux_00025.uasset" 219
"../../../UnrealProject/Content/Textures/Pictograms/iconepop/animaux/animaux_00025_Sprite.uasset" 220
"../../../UnrealProject/Content/Textures/Pictograms/iconepop/animaux/animaux_00026.uasset" 221
"../../../UnrealProject/Content/Textures/Pictograms/iconepop/animaux/animaux_00026_Sprite.uasset" 222
"../../../UnrealProject/Content/Textures/Pictograms/iconepop/animaux/animaux_00027.uasset" 223
"../../../UnrealProject/Content/Textures/Pictograms/iconepop/animaux/animaux_00027_Sprite.uasset" 224
"../../../UnrealProject/Content/Textures/Pictograms/FB_Animals.uasset" 225
"../../../UnrealProject/Content/Textures/Pictograms/iconepop/cuisine/cuisine_00000.uasset" 226
"../../../UnrealProject/Content/Textures/Pictograms/iconepop/cuisine/cuisine_00000_Sprite.uasset" 227
"../../../UnrealProject/Content/Textures/Pictograms/iconepop/cuisine/cuisine_00001.uasset" 228
"../../../UnrealProject/Content/Textures/Pictograms/iconepop/cuisine/cuisine_00001_Sprite.uasset" 229
"../../../UnrealProject/Content/Textures/Pictograms/iconepop/cuisine/cuisine_00002.uasset" 230
"../../../UnrealProject/Content/Textures/Pictograms/iconepop/cuisine/cuisine_00002_Sprite.uasset" 231
"../../../UnrealProject/Content/Textures/Pictograms/iconepop/cuisine/cuisine_00003.uasset" 232
"../../../UnrealProject/Content/Textures/Pictograms/iconepop/cuisine/cuisine_00003_Sprite.uasset" 233
"../../../UnrealProject/Content/Textures/Pictograms/iconepop/cuisine/cuisine_00004.uasset" 234
"../../../UnrealProject/Content/Textures/Pictograms/iconepop/cuisine/cuisine_00004_Sprite.uasset" 235
"../../../UnrealProject/Content/Textures/Pictograms/iconepop/cuisine/cuisine_00005.uasset" 236
"../../../UnrealProject/Content/Textures/Pictograms/iconepop/cuisine/cuisine_00005_Sprite.uasset" 237
"../../../UnrealProject/Content/Textures/Pictograms/iconepop/cuisine/cuisine_00006.uasset" 238
"../../../UnrealProject/Content/Textures/Pictograms/iconepop/cuisine/cuisine_00006_Sprite.uasset" 239
"../../../UnrealProject/Content/Textures/Pictograms/iconepop/cuisine/cuisine_00007.uasset" 240
"../../../UnrealProject/Content/Textures/Pictograms/iconepop/cuisine/cuisine_00007_Sprite.uasset" 241
"../../../UnrealProject/Content/Textures/Pictograms/iconepop/cuisine/cuisine_00008.uasset" 242
"../../../UnrealProject/Content/Textures/Pictograms/iconepop/cuisine/cuisine_00008_Sprite.uasset" 243
"../../../UnrealProject/Content/Textures/Pictograms/iconepop/cuisine/cuisine_00009.uasset" 244
"../../../UnrealProject/Content/Textures/Pictograms/iconepop/cuisine/cuisine_00009_Sprite.uasset" 245
"../../../UnrealProject/Content/Textures/Pictograms/iconepop/cuisine/cuisine_00010.uasset" 246
"../../../UnrealProject/Content/Textures/Pictograms/iconepop/cuisine/cuisine_00010_Sprite.uasset" 247
"../../../UnrealProject/Content/Textures/Pictograms/iconepop/cuisine/cuisine_00011.uasset" 248
"../../../UnrealProject/Content/Textures/Pictograms/iconepop/cuisine/cuisine_00011_Sprite.uasset" 249
"../../../UnrealProject/Content/Textures/Pictograms/iconepop/cuisine/cuisine_00012.uasset" 250
"../../../UnrealProject/Content/Textures/Pictograms/iconepop/cuisine/cuisine_00012_Sprite.uasset" 251
"../../../UnrealProject/Content/Textures/Pictograms/iconepop/cuisine/cuisine_00013.uasset" 252
"../../../UnrealProject/Content/Textures/Pictograms/iconepop/cuisine/cuisine_00013_Sprite.uasset" 253
"../../../UnrealProject/Content/Textures/Pictograms/iconepop/cuisine/cuisine_00014.uasset" 254
"../../../UnrealProject/Content/Textures/Pictograms/iconepop/cuisine/cuisine_00014_Sprite.uasset" 255
"../../../UnrealProject/Content/Textures/Pictograms/iconepop/cuisine/cuisine_00015.uasset" 256
"../../../UnrealProject/Content/Textures/Pictograms/iconepop/cuisine/cuisine_00015_Sprite.uasset" 257
"../../../UnrealProject/Content/Textures/Pictograms/iconepop/cuisine/cuisine_00016.uasset" 258
"../../../UnrealProject/Content/Textures/Pictograms/iconepop/cuisine/cuisine_00016_Sprite.uasset" 259
"../../../UnrealProject/Content/Textures/Pictograms/iconepop/cuisine/cuisine_00017.uasset" 260
"../../../UnrealProject/Content/Textures/Pictograms/iconepop/cuisine/cuisine_00017_Sprite.uasset" 261
"../../../UnrealProject/Content/Textures/Pictograms/iconepop/cuisine/cuisine_00018.uasset" 262
"../../../UnrealProject/Content/Textures/Pictograms/iconepop/cuisine/cuisine_00018_Sprite.uasset" 263
"../../../UnrealProject/Content/Textures/Pictograms/iconepop/cuisine/cuisine_00019.uasset" 264
"../../../UnrealProject/Content/Textures/Pictograms/iconepop/cuisine/cuisine_00019_Sprite.uasset" 265
"../../../UnrealProject/Content/Textures/Pictograms/iconepop/cuisine/cuisine_00020.uasset" 266
"../../../UnrealProject/Content/Textures/Pictograms/iconepop/cuisine/cuisine_00020_Sprite.uasset" 267
"../../../UnrealProject/Content/Textures/Pictograms/iconepop/cuisine/cuisine_00021.uasset" 268
"../../../UnrealProject/Content/Textures/Pictograms/iconepop/cuisine/cuisine_00021_Sprite.uasset" 269
"../../../UnrealProject/Content/Textures/Pictograms/iconepop/cuisine/cuisine_00022.uasset" 270
"../../../UnrealProject/Content/Textures/Pictograms/iconepop/cuisine/cuisine_00022_Sprite.uasset" 271
"../../../UnrealProject/Content/Textures/Pictograms/iconepop/cuisine/cuisine_00023.uasset" 272
"../../../UnrealProject/Content/Textures/Pictograms/iconepop/cuisine/cuisine_00023_Sprite.uasset" 273
"../../../UnrealProject/Content/Textures/Pictograms/iconepop/cuisine/cuisine_00024.uasset" 274
"../../../UnrealProject/Content/Textures/Pictograms/iconepop/cuisine/cuisine_00024_Sprite.uasset" 275
"../../../UnrealProject/Content/Textures/Pictograms/iconepop/cuisine/cuisine_00025.uasset" 276
"../../../UnrealProject/Content/Textures/Pictograms/iconepop/cuisine/cuisine_00025_Sprite.uasset" 277
"../../../UnrealProject/Content/Textures/Pictograms/iconepop/cuisine/cuisine_00026.uasset" 278
"../../../UnrealProject/Content/Textures/Pictograms/iconepop/cuisine/cuisine_00026_Sprite.uasset" 279
"../../../UnrealProject/Content/Textures/Pictograms/iconepop/cuisine/cuisine_00027.uasset" 280
"../../../UnrealProject/Content/Textures/Pictograms/iconepop/cuisine/cuisine_00027_Sprite.uasset" 281
"../../../UnrealProject/Content/Textures/Pictograms/FB_Food.uasset" 282
"../../../UnrealProject/Content/Textures/Pictograms/iconepop/jeu/jeu_00000.uasset" 283
"../../../UnrealProject/Content/Textures/Pictograms/iconepop/jeu/jeu_00000_Sprite.uasset" 284
"../../../UnrealProject/Content/Textures/Pictograms/iconepop/jeu/jeu_00001.uasset" 285
"../../../UnrealProject/Content/Textures/Pictograms/iconepop/jeu/jeu_00001_Sprite.uasset" 286
"../../../UnrealProject/Content/Textures/Pictograms/iconepop/jeu/jeu_00002.uasset" 287
"../../../UnrealProject/Content/Textures/Pictograms/iconepop/jeu/jeu_00002_Sprite.uasset" 288
"../../../UnrealProject/Content/Textures/Pictograms/iconepop/jeu/jeu_00003.uasset" 289
"../../../UnrealProject/Content/Textures/Pictograms/iconepop/jeu/jeu_00003_Sprite.uasset" 290
"../../../UnrealProject/Content/Textures/Pictograms/iconepop/jeu/jeu_00004.uasset" 291
"../../../UnrealProject/Content/Textures/Pictograms/iconepop/jeu/jeu_00004_Sprite.uasset" 292
"../../../UnrealProject/Content/Textures/Pictograms/iconepop/jeu/jeu_00005.uasset" 293
"../../../UnrealProject/Content/Textures/Pictograms/iconepop/jeu/jeu_00005_Sprite.uasset" 294
"../../../UnrealProject/Content/Textures/Pictograms/iconepop/jeu/jeu_00006.uasset" 295
"../../../UnrealProject/Content/Textures/Pictograms/iconepop/jeu/jeu_00006_Sprite.uasset" 296
"../../../UnrealProject/Content/Textures/Pictograms/iconepop/jeu/jeu_00007.uasset" 297
"../../../UnrealProject/Content/Textures/Pictograms/iconepop/jeu/jeu_00007_Sprite.uasset" 298
"../../../UnrealProject/Content/Textures/Pictograms/iconepop/jeu/jeu_00008.uasset" 299
"../../../UnrealProject/Content/Textures/Pictograms/iconepop/jeu/jeu_00008_Sprite.uasset" 300
"../../../UnrealProject/Content/Textures/Pictograms/iconepop/jeu/jeu_00009.uasset" 301
"../../../UnrealProject/Content/Textures/Pictograms/iconepop/jeu/jeu_00009_Sprite.uasset" 302
"../../../UnrealProject/Content/Textures/Pictograms/iconepop/jeu/jeu_00010.uasset" 303
"../../../UnrealProject/Content/Textures/Pictograms/iconepop/jeu/jeu_00010_Sprite.uasset" 304
"../../../UnrealProject/Content/Textures/Pictograms/iconepop/jeu/jeu_00011.uasset" 305
"../../../UnrealProject/Content/Textures/Pictograms/iconepop/jeu/jeu_00011_Sprite.uasset" 306
"../../../UnrealProject/Content/Textures/Pictograms/iconepop/jeu/jeu_00012.uasset" 307
"../../../UnrealProject/Content/Textures/Pictograms/iconepop/jeu/jeu_00012_Sprite.uasset" 308
"../../../UnrealProject/Content/Textures/Pictograms/iconepop/jeu/jeu_00013.uasset" 309
"../../../UnrealProject/Content/Textures/Pictograms/iconepop/jeu/jeu_00013_Sprite.uasset" 310
"../../../UnrealProject/Content/Textures/Pictograms/iconepop/jeu/jeu_00014.uasset" 311
"../../../UnrealProject/Content/Textures/Pictograms/iconepop/jeu/jeu_00014_Sprite.uasset" 312
"../../../UnrealProject/Content/Textures/Pictograms/iconepop/jeu/jeu_00015.uasset" 313
"../../../UnrealProject/Content/Textures/Pictograms/iconepop/jeu/jeu_00015_Sprite.uasset" 314
"../../../UnrealProject/Content/Textures/Pictograms/iconepop/jeu/jeu_00016.uasset" 315
"../../../UnrealProject/Content/Textures/Pictograms/iconepop/jeu/jeu_00016_Sprite.uasset" 316
"../../../UnrealProject/Content/Textures/Pictograms/iconepop/jeu/jeu_00017.uasset" 317
"../../../UnrealProject/Content/Textures/Pictograms/iconepop/jeu/jeu_00017_Sprite.uasset" 318
"../../../UnrealProject/Content/Textures/Pictograms/iconepop/jeu/jeu_00018.uasset" 319
"../../../UnrealProject/Content/Textures/Pictograms/iconepop/jeu/jeu_00018_Sprite.uasset" 320
"../../../UnrealProject/Content/Textures/Pictograms/iconepop/jeu/jeu_00019.uasset" 321
"../../../UnrealProject/Content/Textures/Pictograms/iconepop/jeu/jeu_00019_Sprite.uasset" 322
"../../../UnrealProject/Content/Textures/Pictograms/iconepop/jeu/jeu_00020.uasset" 323
"../../../UnrealProject/Content/Textures/Pictograms/iconepop/jeu/jeu_00020_Sprite.uasset" 324
"../../../UnrealProject/Content/Textures/Pictograms/iconepop/jeu/jeu_00021.uasset" 325
"../../../UnrealProject/Content/Textures/Pictograms/iconepop/jeu/jeu_00021_Sprite.uasset" 326
"../../../UnrealProject/Content/Textures/Pictograms/iconepop/jeu/jeu_00022.uasset" 327
"../../../UnrealProject/Content/Textures/Pictograms/iconepop/jeu/jeu_00022_Sprite.uasset" 328
"../../../UnrealProject/Content/Textures/Pictograms/iconepop/jeu/jeu_00023.uasset" 329
"../../../UnrealProject/Content/Textures/Pictograms/iconepop/jeu/jeu_00023_Sprite.uasset" 330
"../../../UnrealProject/Content/Textures/Pictograms/iconepop/jeu/jeu_00024.uasset" 331
"../../../UnrealProject/Content/Textures/Pictograms/iconepop/jeu/jeu_00024_Sprite.uasset" 332
"../../../UnrealProject/Content/Textures/Pictograms/iconepop/jeu/jeu_00025.uasset" 333
"../../../UnrealProject/Content/Textures/Pictograms/iconepop/jeu/jeu_00025_Sprite.uasset" 334
"../../../UnrealProject/Content/Textures/Pictograms/iconepop/jeu/jeu_00026.uasset" 335
"../../../UnrealProject/Content/Textures/Pictograms/iconepop/jeu/jeu_00026_Sprite.uasset" 336
"../../../UnrealProject/Content/Textures/Pictograms/iconepop/jeu/jeu_00027.uasset" 337
"../../../UnrealProject/Content/Textures/Pictograms/iconepop/jeu/jeu_00027_Sprite.uasset" 338
"../../../UnrealProject/Content/Textures/Pictograms/FB_Games.uasset" 339
"../../../UnrealProject/Content/Textures/Pictograms/Loading/Composition_2_00000.uasset" 340
"../../../UnrealProject/Content/Textures/Pictograms/Loading/Composition_2_00000_Sprite.uasset" 341
"../../../UnrealProject/Content/Textures/Pictograms/Loading/Composition_2_00001.uasset" 342
"../../../UnrealProject/Content/Textures/Pictograms/Loading/Composition_2_00001_Sprite.uasset" 343
"../../../UnrealProject/Content/Textures/Pictograms/Loading/Composition_2_00002.uasset" 344
"../../../UnrealProject/Content/Textures/Pictograms/Loading/Composition_2_00002_Sprite.uasset" 345
"../../../UnrealProject/Content/Textures/Pictograms/Loading/Composition_2_00003.uasset" 346
"../../../UnrealProject/Content/Textures/Pictograms/Loading/Composition_2_00003_Sprite.uasset" 347
"../../../UnrealProject/Content/Textures/Pictograms/Loading/Composition_2_00004.uasset" 348
"../../../UnrealProject/Content/Textures/Pictograms/Loading/Composition_2_00004_Sprite.uasset" 349
"../../../UnrealProject/Content/Textures/Pictograms/Loading/Composition_2_00005.uasset" 350
"../../../UnrealProject/Content/Textures/Pictograms/Loading/Composition_2_00005_Sprite.uasset" 351
"../../../UnrealProject/Content/Textures/Pictograms/Loading/Composition_2_00006.uasset" 352
"../../../UnrealProject/Content/Textures/Pictograms/Loading/Composition_2_00006_Sprite.uasset" 353
"../../../UnrealProject/Content/Textures/Pictograms/Loading/Composition_2_00007.uasset" 354
"../../../UnrealProject/Content/Textures/Pictograms/Loading/Composition_2_00007_Sprite.uasset" 355
"../../../UnrealProject/Content/Textures/Pictograms/Loading/Composition_2_00008.uasset" 356
"../../../UnrealProject/Content/Textures/Pictograms/Loading/Composition_2_00008_Sprite.uasset" 357
"../../../UnrealProject/Content/Textures/Pictograms/Loading/Composition_2_00009.uasset" 358
"../../../UnrealProject/Content/Textures/Pictograms/Loading/Composition_2_00009_Sprite.uasset" 359
"../../../UnrealProject/Content/Textures/Pictograms/Loading/Composition_2_00010.uasset" 360
"../../../UnrealProject/Content/Textures/Pictograms/Loading/Composition_2_00010_Sprite.uasset" 361
"../../../UnrealProject/Content/Textures/Pictograms/Loading/Composition_2_00011.uasset" 362
"../../../UnrealProject/Content/Textures/Pictograms/Loading/Composition_2_00011_Sprite.uasset" 363
"../../../UnrealProject/Content/Textures/Pictograms/Loading/Composition_2_00012.uasset" 364
"../../../UnrealProject/Content/Textures/Pictograms/Loading/Composition_2_00012_Sprite.uasset" 365
"../../../UnrealProject/Content/Textures/Pictograms/Loading/Composition_2_00013.uasset" 366
"../../../UnrealProject/Content/Textures/Pictograms/Loading/Composition_2_00013_Sprite.uasset" 367
"../../../UnrealProject/Content/Textures/Pictograms/Loading/Composition_2_00014.uasset" 368
"../../../UnrealProject/Content/Textures/Pictograms/Loading/Composition_2_00014_Sprite.uasset" 369
"../../../UnrealProject/Content/Textures/Pictograms/Loading/Composition_2_00015.uasset" 370
"../../../UnrealProject/Content/Textures/Pictograms/Loading/Composition_2_00015_Sprite.uasset" 371
"../../../UnrealProject/Content/Textures/Pictograms/Loading/Composition_2_00016.uasset" 372
"../../../UnrealProject/Content/Textures/Pictograms/Loading/Composition_2_00016_Sprite.uasset" 373
"../../../UnrealProject/Content/Textures/Pictograms/Loading/Composition_2_00017.uasset" 374
"../../../UnrealProject/Content/Textures/Pictograms/Loading/Composition_2_00017_Sprite.uasset" 375
"../../../UnrealProject/Content/Textures/Pictograms/Loading/Composition_2_00018.uasset" 376
"../../../UnrealProject/Content/Textures/Pictograms/Loading/Composition_2_00018_Sprite.uasset" 377
"../../../UnrealProject/Content/Textures/Pictograms/Loading/Composition_2_00019.uasset" 378
"../../../UnrealProject/Content/Textures/Pictograms/Loading/Composition_2_00019_Sprite.uasset" 379
"../../../UnrealProject/Content/Textures/Pictograms/Loading/Composition_2_00020.uasset" 380
"../../../UnrealProject/Content/Textures/Pictograms/Loading/Composition_2_00020_Sprite.uasset" 381
"../../../UnrealProject/Content/Textures/Pictograms/Loading/Composition_2_00021.uasset" 382
"../../../UnrealProject/Content/Textures/Pictograms/Loading/Composition_2_00021_Sprite.uasset" 383
"../../../UnrealProject/Content/Textures/Pictograms/Loading/Composition_2_00022.uasset" 384
"../../../UnrealProject/Content/Textures/Pictograms/Loading/Composition_2_00022_Sprite.uasset" 385
"../../../UnrealProject/Content/Textures/Pictograms/Loading/Composition_2_00023.uasset" 386
"../../../UnrealProject/Content/Textures/Pictograms/Loading/Composition_2_00023_Sprite.uasset" 387
"../../../UnrealProject/Content/Textures/Pictograms/Loading/Composition_2_00024.uasset" 388
"../../../UnrealProject/Content/Textures/Pictograms/Loading/Composition_2_00024_Sprite.uasset" 389
"../../../UnrealProject/Content/Textures/Pictograms/Loading/Composition_2_00025.uasset" 390
"../../../UnrealProject/Content/Textures/Pictograms/Loading/Composition_2_00025_Sprite.uasset" 391
"../../../UnrealProject/Content/Textures/Pictograms/Loading/Composition_2_00026.uasset" 392
"../../../UnrealProject/Content/Textures/Pictograms/Loading/Composition_2_00026_Sprite.uasset" 393
"../../../UnrealProject/Content/Textures/Pictograms/Loading/Composition_2_00027.uasset" 394
"../../../UnrealProject/Content/Textures/Pictograms/Loading/Composition_2_00027_Sprite.uasset" 395
"../../../UnrealProject/Content/Textures/Pictograms/Loading/Composition_2_00028.uasset" 396
"../../../UnrealProject/Content/Textures/Pictograms/Loading/Composition_2_00028_Sprite.uasset" 397
"../../../UnrealProject/Content/Textures/Pictograms/Loading/Composition_2_00029.uasset" 398
"../../../UnrealProject/Content/Textures/Pictograms/Loading/Composition_2_00029_Sprite.uasset" 399
"../../../UnrealProject/Content/Textures/Pictograms/Loading/Composition_2_00030.uasset" 400
"../../../UnrealProject/Content/Textures/Pictograms/Loading/Composition_2_00030_Sprite.uasset" 401
"../../../UnrealProject/Content/Textures/Pictograms/Loading/Composition_2_00031.uasset" 402
"../../../UnrealProject/Content/Textures/Pictograms/Loading/Composition_2_00031_Sprite.uasset" 403
"../../../UnrealProject/Content/Textures/Pictograms/Loading/Composition_2_00032.uasset" 404
"../../../UnrealProject/Content/Textures/Pictograms/Loading/Composition_2_00032_Sprite.uasset" 405
"../../../UnrealProject/Content/Textures/Pictograms/Loading/Composition_2_00033.uasset" 406
"../../../UnrealProject/Content/Textures/Pictograms/Loading/Composition_2_00033_Sprite.uasset" 407
"../../../UnrealProject/Content/Textures/Pictograms/Loading/Composition_2_00034.uasset" 408
"../../../UnrealProject/Content/Textures/Pictograms/Loading/Composition_2_00034_Sprite.uasset" 409
"../../../UnrealProject/Content/Textures/Pictograms/Loading/Composition_2_00035.uasset" 410
"../../../UnrealProject/Content/Textures/Pictograms/Loading/Composition_2_00035_Sprite.uasset" 411
"../../../UnrealProject/Content/Textures/Pictograms/Loading/Composition_2_00036.uasset" 412
"../../../UnrealProject/Content/Textures/Pictograms/Loading/Composition_2_00036_Sprite.uasset" 413
"../../../UnrealProject/Content/Textures/Pictograms/Loading/Composition_2_00037.uasset" 414
"../../../UnrealProject/Content/Textures/Pictograms/Loading/Composition_2_00037_Sprite.uasset" 415
"../../../UnrealProject/Content/Textures/Pictograms/FB_Loading.uasset" 416
"../../../UnrealProject/Content/Textures/Pictograms/iconepop/meteo/meteo_00000.uasset" 417
"../../../UnrealProject/Content/Textures/Pictograms/iconepop/meteo/meteo_00000_Sprite.uasset" 418
"../../../UnrealProject/Content/Textures/Pictograms/iconepop/meteo/meteo_00001.uasset" 419
"../../../UnrealProject/Content/Textures/Pictograms/iconepop/meteo/meteo_00001_Sprite.uasset" 420
"../../../UnrealProject/Content/Textures/Pictograms/iconepop/meteo/meteo_00002.uasset" 421
"../../../UnrealProject/Content/Textures/Pictograms/iconepop/meteo/meteo_00002_Sprite.uasset" 422
"../../../UnrealProject/Content/Textures/Pictograms/iconepop/meteo/meteo_00003.uasset" 423
"../../../UnrealProject/Content/Textures/Pictograms/iconepop/meteo/meteo_00003_Sprite.uasset" 424
"../../../UnrealProject/Content/Textures/Pictograms/iconepop/meteo/meteo_00004.uasset" 425
"../../../UnrealProject/Content/Textures/Pictograms/iconepop/meteo/meteo_00004_Sprite.uasset" 426
"../../../UnrealProject/Content/Textures/Pictograms/iconepop/meteo/meteo_00005.uasset" 427
"../../../UnrealProject/Content/Textures/Pictograms/iconepop/meteo/meteo_00005_Sprite.uasset" 428
"../../../UnrealProject/Content/Textures/Pictograms/iconepop/meteo/meteo_00006.uasset" 429
"../../../UnrealProject/Content/Textures/Pictograms/iconepop/meteo/meteo_00006_Sprite.uasset" 430
"../../../UnrealProject/Content/Textures/Pictograms/iconepop/meteo/meteo_00007.uasset" 431
"../../../UnrealProject/Content/Textures/Pictograms/iconepop/meteo/meteo_00007_Sprite.uasset" 432
"../../../UnrealProject/Content/Textures/Pictograms/iconepop/meteo/meteo_00008.uasset" 433
"../../../UnrealProject/Content/Textures/Pictograms/iconepop/meteo/meteo_00008_Sprite.uasset" 434
"../../../UnrealProject/Content/Textures/Pictograms/iconepop/meteo/meteo_00009.uasset" 435
"../../../UnrealProject/Content/Textures/Pictograms/iconepop/meteo/meteo_00009_Sprite.uasset" 436
"../../../UnrealProject/Content/Textures/Pictograms/iconepop/meteo/meteo_00010.uasset" 437
"../../../UnrealProject/Content/Textures/Pictograms/iconepop/meteo/meteo_00010_Sprite.uasset" 438
"../../../UnrealProject/Content/Textures/Pictograms/iconepop/meteo/meteo_00011.uasset" 439
"../../../UnrealProject/Content/Textures/Pictograms/iconepop/meteo/meteo_00011_Sprite.uasset" 440
"../../../UnrealProject/Content/Textures/Pictograms/iconepop/meteo/meteo_00012.uasset" 441
"../../../UnrealProject/Content/Textures/Pictograms/iconepop/meteo/meteo_00012_Sprite.uasset" 442
"../../../UnrealProject/Content/Textures/Pictograms/iconepop/meteo/meteo_00013.uasset" 443
"../../../UnrealProject/Content/Textures/Pictograms/iconepop/meteo/meteo_00013_Sprite.uasset" 444
"../../../UnrealProject/Content/Textures/Pictograms/iconepop/meteo/meteo_00014.uasset" 445
"../../../UnrealProject/Content/Textures/Pictograms/iconepop/meteo/meteo_00014_Sprite.uasset" 446
"../../../UnrealProject/Content/Textures/Pictograms/iconepop/meteo/meteo_00015.uasset" 447
"../../../UnrealProject/Content/Textures/Pictograms/iconepop/meteo/meteo_00015_Sprite.uasset" 448
"../../../UnrealProject/Content/Textures/Pictograms/iconepop/meteo/meteo_00016.uasset" 449
"../../../UnrealProject/Content/Textures/Pictograms/iconepop/meteo/meteo_00016_Sprite.uasset" 450
"../../../UnrealProject/Content/Textures/Pictograms/iconepop/meteo/meteo_00017.uasset" 451
"../../../UnrealProject/Content/Textures/Pictograms/iconepop/meteo/meteo_00017_Sprite.uasset" 452
"../../../UnrealProject/Content/Textures/Pictograms/iconepop/meteo/meteo_00018.uasset" 453
"../../../UnrealProject/Content/Textures/Pictograms/iconepop/meteo/meteo_00018_Sprite.uasset" 454
"../../../UnrealProject/Content/Textures/Pictograms/iconepop/meteo/meteo_00019.uasset" 455
"../../../UnrealProject/Content/Textures/Pictograms/iconepop/meteo/meteo_00019_Sprite.uasset" 456
"../../../UnrealProject/Content/Textures/Pictograms/iconepop/meteo/meteo_00020.uasset" 457
"../../../UnrealProject/Content/Textures/Pictograms/iconepop/meteo/meteo_00020_Sprite.uasset" 458
"../../../UnrealProject/Content/Textures/Pictograms/iconepop/meteo/meteo_00021.uasset" 459
"../../../UnrealProject/Content/Textures/Pictograms/iconepop/meteo/meteo_00021_Sprite.uasset" 460
"../../../UnrealProject/Content/Textures/Pictograms/iconepop/meteo/meteo_00022.uasset" 461
"../../../UnrealProject/Content/Textures/Pictograms/iconepop/meteo/meteo_00022_Sprite.uasset" 462
"../../../UnrealProject/Content/Textures/Pictograms/iconepop/meteo/meteo_00023.uasset" 463
"../../../UnrealProject/Content/Textures/Pictograms/iconepop/meteo/meteo_00023_Sprite.uasset" 464
"../../../UnrealProject/Content/Textures/Pictograms/iconepop/meteo/meteo_00024.uasset" 465
"../../../UnrealProject/Content/Textures/Pictograms/iconepop/meteo/meteo_00024_Sprite.uasset" 466
"../../../UnrealProject/Content/Textures/Pictograms/iconepop/meteo/meteo_00025.uasset" 467
"../../../UnrealProject/Content/Textures/Pictograms/iconepop/meteo/meteo_00025_Sprite.uasset" 468
"../../../UnrealProject/Content/Textures/Pictograms/iconepop/meteo/meteo_00026.uasset" 469
"../../../UnrealProject/Content/Textures/Pictograms/iconepop/meteo/meteo_00026_Sprite.uasset" 470
"../../../UnrealProject/Content/Textures/Pictograms/iconepop/meteo/meteo_00027.uasset" 471
"../../../UnrealProject/Content/Textures/Pictograms/iconepop/meteo/meteo_00027_Sprite.uasset" 472
"../../../UnrealProject/Content/Textures/Pictograms/FB_Meteorology.uasset" 473
"../../../UnrealProject/Content/Textures/Pictograms/iconepop/finance/finance00000.uasset" 474
"../../../UnrealProject/Content/Textures/Pictograms/iconepop/finance/finance00000_Sprite.uasset" 475
"../../../UnrealProject/Content/Textures/Pictograms/iconepop/finance/finance00001.uasset" 476
"../../../UnrealProject/Content/Textures/Pictograms/iconepop/finance/finance00001_Sprite.uasset" 477
"../../../UnrealProject/Content/Textures/Pictograms/iconepop/finance/finance00002.uasset" 478
"../../../UnrealProject/Content/Textures/Pictograms/iconepop/finance/finance00002_Sprite.uasset" 479
"../../../UnrealProject/Content/Textures/Pictograms/iconepop/finance/finance00003.uasset" 480
"../../../UnrealProject/Content/Textures/Pictograms/iconepop/finance/finance00003_Sprite.uasset" 481
"../../../UnrealProject/Content/Textures/Pictograms/iconepop/finance/finance00004.uasset" 482
"../../../UnrealProject/Content/Textures/Pictograms/iconepop/finance/finance00004_Sprite.uasset" 483
"../../../UnrealProject/Content/Textures/Pictograms/iconepop/finance/finance00005.uasset" 484
"../../../UnrealProject/Content/Textures/Pictograms/iconepop/finance/finance00005_Sprite.uasset" 485
"../../../UnrealProject/Content/Textures/Pictograms/iconepop/finance/finance00006.uasset" 486
"../../../UnrealProject/Content/Textures/Pictograms/iconepop/finance/finance00006_Sprite.uasset" 487
"../../../UnrealProject/Content/Textures/Pictograms/iconepop/finance/finance00007.uasset" 488
"../../../UnrealProject/Content/Textures/Pictograms/iconepop/finance/finance00007_Sprite.uasset" 489
"../../../UnrealProject/Content/Textures/Pictograms/iconepop/finance/finance00008.uasset" 490
"../../../UnrealProject/Content/Textures/Pictograms/iconepop/finance/finance00008_Sprite.uasset" 491
"../../../UnrealProject/Content/Textures/Pictograms/iconepop/finance/finance00009.uasset" 492
"../../../UnrealProject/Content/Textures/Pictograms/iconepop/finance/finance00009_Sprite.uasset" 493
"../../../UnrealProject/Content/Textures/Pictograms/iconepop/finance/finance00010.uasset" 494
"../../../UnrealProject/Content/Textures/Pictograms/iconepop/finance/finance00010_Sprite.uasset" 495
"../../../UnrealProject/Content/Textures/Pictograms/iconepop/finance/finance00011.uasset" 496
"../../../UnrealProject/Content/Textures/Pictograms/iconepop/finance/finance00011_Sprite.uasset" 497
"../../../UnrealProject/Content/Textures/Pictograms/iconepop/finance/finance00012.uasset" 498
"../../../UnrealProject/Content/Textures/Pictograms/iconepop/finance/finance00012_Sprite.uasset" 499
"../../../UnrealProject/Content/Textures/Pictograms/iconepop/finance/finance00013.uasset" 500
"../../../UnrealProject/Content/Textures/Pictograms/iconepop/finance/finance00013_Sprite.uasset" 501
"../../../UnrealProject/Content/Textures/Pictograms/iconepop/finance/finance00014.uasset" 502
"../../../UnrealProject/Content/Textures/Pictograms/iconepop/finance/finance00014_Sprite.uasset" 503
"../../../UnrealProject/Content/Textures/Pictograms/iconepop/finance/finance00015.uasset" 504
"../../../UnrealProject/Content/Textures/Pictograms/iconepop/finance/finance00015_Sprite.uasset" 505
"../../../UnrealProject/Content/Textures/Pictograms/iconepop/finance/finance00016.uasset" 506
"../../../UnrealProject/Content/Textures/Pictograms/iconepop/finance/finance00016_Sprite.uasset" 507
"../../../UnrealProject/Content/Textures/Pictograms/iconepop/finance/finance00017.uasset" 508
"../../../UnrealProject/Content/Textures/Pictograms/iconepop/finance/finance00017_Sprite.uasset" 509
"../../../UnrealProject/Content/Textures/Pictograms/iconepop/finance/finance00018.uasset" 510
"../../../UnrealProject/Content/Textures/Pictograms/iconepop/finance/finance00018_Sprite.uasset" 511
"../../../UnrealProject/Content/Textures/Pictograms/iconepop/finance/finance00019.uasset" 512
"../../../UnrealProject/Content/Textures/Pictograms/iconepop/finance/finance00019_Sprite.uasset" 513
"../../../UnrealProject/Content/Textures/Pictograms/iconepop/finance/finance00020.uasset" 514
"../../../UnrealProject/Content/Textures/Pictograms/iconepop/finance/finance00020_Sprite.uasset" 515
"../../../UnrealProject/Content/Textures/Pictograms/iconepop/finance/finance00021.uasset" 516
"../../../UnrealProject/Content/Textures/Pictograms/iconepop/finance/finance00021_Sprite.uasset" 517
"../../../UnrealProject/Content/Textures/Pictograms/iconepop/finance/finance00022.uasset" 518
"../../../UnrealProject/Content/Textures/Pictograms/iconepop/finance/finance00022_Sprite.uasset" 519
"../../../UnrealProject/Content/Textures/Pictograms/iconepop/finance/finance00023.uasset" 520
"../../../UnrealProject/Content/Textures/Pictograms/iconepop/finance/finance00023_Sprite.uasset" 521
"../../../UnrealProject/Content/Textures/Pictograms/iconepop/finance/finance00024.uasset" 522
"../../../UnrealProject/Content/Textures/Pictograms/iconepop/finance/finance00024_Sprite.uasset" 523
"../../../UnrealProject/Content/Textures/Pictograms/iconepop/finance/finance00025.uasset" 524
"../../../UnrealProject/Content/Textures/Pictograms/iconepop/finance/finance00025_Sprite.uasset" 525
"../../../UnrealProject/Content/Textures/Pictograms/iconepop/finance/finance00026.uasset" 526
"../../../UnrealProject/Content/Textures/Pictograms/iconepop/finance/finance00026_Sprite.uasset" 527
"../../../UnrealProject/Content/Textures/Pictograms/iconepop/finance/finance00027.uasset" 528
"../../../UnrealProject/Content/Textures/Pictograms/iconepop/finance/finance00027_Sprite.uasset" 529
"../../../UnrealProject/Content/Textures/Pictograms/FB_Money.uasset" 530
"../../../UnrealProject/Content/Textures/Pictograms/iconepop/jouet/jouet_00000.uasset" 531
"../../../UnrealProject/Content/Textures/Pictograms/iconepop/jouet/jouet_00000_Sprite.uasset" 532
"../../../UnrealProject/Content/Textures/Pictograms/iconepop/jouet/jouet_00001.uasset" 533
"../../../UnrealProject/Content/Textures/Pictograms/iconepop/jouet/jouet_00001_Sprite.uasset" 534
"../../../UnrealProject/Content/Textures/Pictograms/iconepop/jouet/jouet_00002.uasset" 535
"../../../UnrealProject/Content/Textures/Pictograms/iconepop/jouet/jouet_00002_Sprite.uasset" 536
"../../../UnrealProject/Content/Textures/Pictograms/iconepop/jouet/jouet_00003.uasset" 537
"../../../UnrealProject/Content/Textures/Pictograms/iconepop/jouet/jouet_00003_Sprite.uasset" 538
"../../../UnrealProject/Content/Textures/Pictograms/iconepop/jouet/jouet_00004.uasset" 539
"../../../UnrealProject/Content/Textures/Pictograms/iconepop/jouet/jouet_00004_Sprite.uasset" 540
"../../../UnrealProject/Content/Textures/Pictograms/iconepop/jouet/jouet_00005.uasset" 541
"../../../UnrealProject/Content/Textures/Pictograms/iconepop/jouet/jouet_00005_Sprite.uasset" 542
"../../../UnrealProject/Content/Textures/Pictograms/iconepop/jouet/jouet_00006.uasset" 543
"../../../UnrealProject/Content/Textures/Pictograms/iconepop/jouet/jouet_00006_Sprite.uasset" 544
"../../../UnrealProject/Content/Textures/Pictograms/iconepop/jouet/jouet_00007.uasset" 545
"../../../UnrealProject/Content/Textures/Pictograms/iconepop/jouet/jouet_00007_Sprite.uasset" 546
"../../../UnrealProject/Content/Textures/Pictograms/iconepop/jouet/jouet_00008.uasset" 547
"../../../UnrealProject/Content/Textures/Pictograms/iconepop/jouet/jouet_00008_Sprite.uasset" 548
"../../../UnrealProject/Content/Textures/Pictograms/iconepop/jouet/jouet_00009.uasset" 549
"../../../UnrealProject/Content/Textures/Pictograms/iconepop/jouet/jouet_00009_Sprite.uasset" 550
"../../../UnrealProject/Content/Textures/Pictograms/iconepop/jouet/jouet_00010.uasset" 551
"../../../UnrealProject/Content/Textures/Pictograms/iconepop/jouet/jouet_00010_Sprite.uasset" 552
"../../../UnrealProject/Content/Textures/Pictograms/iconepop/jouet/jouet_00011.uasset" 553
"../../../UnrealProject/Content/Textures/Pictograms/iconepop/jouet/jouet_00011_Sprite.uasset" 554
"../../../UnrealProject/Content/Textures/Pictograms/iconepop/jouet/jouet_00012.uasset" 555
"../../../UnrealProject/Content/Textures/Pictograms/iconepop/jouet/jouet_00012_Sprite.uasset" 556
"../../../UnrealProject/Content/Textures/Pictograms/iconepop/jouet/jouet_00013.uasset" 557
"../../../UnrealProject/Content/Textures/Pictograms/iconepop/jouet/jouet_00013_Sprite.uasset" 558
"../../../UnrealProject/Content/Textures/Pictograms/iconepop/jouet/jouet_00014.uasset" 559
"../../../UnrealProject/Content/Textures/Pictograms/iconepop/jouet/jouet_00014_Sprite.uasset" 560
"../../../UnrealProject/Content/Textures/Pictograms/iconepop/jouet/jouet_00015.uasset" 561
"../../../UnrealProject/Content/Textures/Pictograms/iconepop/jouet/jouet_00015_Sprite.uasset" 562
"../../../UnrealProject/Content/Textures/Pictograms/iconepop/jouet/jouet_00016.uasset" 563
"../../../UnrealProject/Content/Textures/Pictograms/iconepop/jouet/jouet_00016_Sprite.uasset" 564
"../../../UnrealProject/Content/Textures/Pictograms/iconepop/jouet/jouet_00017.uasset" 565
"../../../UnrealProject/Content/Textures/Pictograms/iconepop/jouet/jouet_00017_Sprite.uasset" 566
"../../../UnrealProject/Content/Textures/Pictograms/iconepop/jouet/jouet_00018.uasset" 567
"../../../UnrealProject/Content/Textures/Pictograms/iconepop/jouet/jouet_00018_Sprite.uasset" 568
"../../../UnrealProject/Content/Textures/Pictograms/iconepop/jouet/jouet_00019.uasset" 569
"../../../UnrealProject/Content/Textures/Pictograms/iconepop/jouet/jouet_00019_Sprite.uasset" 570
"../../../UnrealProject/Content/Textures/Pictograms/iconepop/jouet/jouet_00020.uasset" 571
"../../../UnrealProject/Content/Textures/Pictograms/iconepop/jouet/jouet_00020_Sprite.uasset" 572
"../../../UnrealProject/Content/Textures/Pictograms/iconepop/jouet/jouet_00021.uasset" 573
"../../../UnrealProject/Content/Textures/Pictograms/iconepop/jouet/jouet_00021_Sprite.uasset" 574
"../../../UnrealProject/Content/Textures/Pictograms/iconepop/jouet/jouet_00022.uasset" 575
"../../../UnrealProject/Content/Textures/Pictograms/iconepop/jouet/jouet_00022_Sprite.uasset" 576
"../../../UnrealProject/Content/Textures/Pictograms/iconepop/jouet/jouet_00023.uasset" 577
"../../../UnrealProject/Content/Textures/Pictograms/iconepop/jouet/jouet_00023_Sprite.uasset" 578
"../../../UnrealProject/Content/Textures/Pictograms/iconepop/jouet/jouet_00024.uasset" 579
"../../../UnrealProject/Content/Textures/Pictograms/iconepop/jouet/jouet_00024_Sprite.uasset" 580
"../../../UnrealProject/Content/Textures/Pictograms/iconepop/jouet/jouet_00025.uasset" 581
"../../../UnrealProject/Content/Textures/Pictograms/iconepop/jouet/jouet_00025_Sprite.uasset" 582
"../../../UnrealProject/Content/Textures/Pictograms/iconepop/jouet/jouet_00026.uasset" 583
"../../../UnrealProject/Content/Textures/Pictograms/iconepop/jouet/jouet_00026_Sprite.uasset" 584
"../../../UnrealProject/Content/Textures/Pictograms/iconepop/jouet/jouet_00027.uasset" 585
"../../../UnrealProject/Content/Textures/Pictograms/iconepop/jouet/jouet_00027_Sprite.uasset" 586
"../../../UnrealProject/Content/Textures/Pictograms/FB_Puzzle.uasset" 587
"../../../UnrealProject/Content/Textures/Pictograms/iconepop/ecologie/ecologie_00000.uasset" 588
"../../../UnrealProject/Content/Textures/Pictograms/iconepop/ecologie/ecologie_00000_Sprite.uasset" 589
"../../../UnrealProject/Content/Textures/Pictograms/iconepop/ecologie/ecologie_00001.uasset" 590
"../../../UnrealProject/Content/Textures/Pictograms/iconepop/ecologie/ecologie_00001_Sprite.uasset" 591
"../../../UnrealProject/Content/Textures/Pictograms/iconepop/ecologie/ecologie_00002.uasset" 592
"../../../UnrealProject/Content/Textures/Pictograms/iconepop/ecologie/ecologie_00002_Sprite.uasset" 593
"../../../UnrealProject/Content/Textures/Pictograms/iconepop/ecologie/ecologie_00003.uasset" 594
"../../../UnrealProject/Content/Textures/Pictograms/iconepop/ecologie/ecologie_00003_Sprite.uasset" 595
"../../../UnrealProject/Content/Textures/Pictograms/iconepop/ecologie/ecologie_00004.uasset" 596
"../../../UnrealProject/Content/Textures/Pictograms/iconepop/ecologie/ecologie_00004_Sprite.uasset" 597
"../../../UnrealProject/Content/Textures/Pictograms/iconepop/ecologie/ecologie_00005.uasset" 598
"../../../UnrealProject/Content/Textures/Pictograms/iconepop/ecologie/ecologie_00005_Sprite.uasset" 599
"../../../UnrealProject/Content/Textures/Pictograms/iconepop/ecologie/ecologie_00006.uasset" 600
"../../../UnrealProject/Content/Textures/Pictograms/iconepop/ecologie/ecologie_00006_Sprite.uasset" 601
"../../../UnrealProject/Content/Textures/Pictograms/iconepop/ecologie/ecologie_00007.uasset" 602
"../../../UnrealProject/Content/Textures/Pictograms/iconepop/ecologie/ecologie_00007_Sprite.uasset" 603
"../../../UnrealProject/Content/Textures/Pictograms/iconepop/ecologie/ecologie_00008.uasset" 604
"../../../UnrealProject/Content/Textures/Pictograms/iconepop/ecologie/ecologie_00008_Sprite.uasset" 605
"../../../UnrealProject/Content/Textures/Pictograms/iconepop/ecologie/ecologie_00009.uasset" 606
"../../../UnrealProject/Content/Textures/Pictograms/iconepop/ecologie/ecologie_00009_Sprite.uasset" 607
"../../../UnrealProject/Content/Textures/Pictograms/iconepop/ecologie/ecologie_00010.uasset" 608
"../../../UnrealProject/Content/Textures/Pictograms/iconepop/ecologie/ecologie_00010_Sprite.uasset" 609
"../../../UnrealProject/Content/Textures/Pictograms/iconepop/ecologie/ecologie_00011.uasset" 610
"../../../UnrealProject/Content/Textures/Pictograms/iconepop/ecologie/ecologie_00011_Sprite.uasset" 611
"../../../UnrealProject/Content/Textures/Pictograms/iconepop/ecologie/ecologie_00012.uasset" 612
"../../../UnrealProject/Content/Textures/Pictograms/iconepop/ecologie/ecologie_00012_Sprite.uasset" 613
"../../../UnrealProject/Content/Textures/Pictograms/iconepop/ecologie/ecologie_00013.uasset" 614
"../../../UnrealProject/Content/Textures/Pictograms/iconepop/ecologie/ecologie_00013_Sprite.uasset" 615
"../../../UnrealProject/Content/Textures/Pictograms/iconepop/ecologie/ecologie_00014.uasset" 616
"../../../UnrealProject/Content/Textures/Pictograms/iconepop/ecologie/ecologie_00014_Sprite.uasset" 617
"../../../UnrealProject/Content/Textures/Pictograms/iconepop/ecologie/ecologie_00015.uasset" 618
"../../../UnrealProject/Content/Textures/Pictograms/iconepop/ecologie/ecologie_00015_Sprite.uasset" 619
"../../../UnrealProject/Content/Textures/Pictograms/iconepop/ecologie/ecologie_00016.uasset" 620
"../../../UnrealProject/Content/Textures/Pictograms/iconepop/ecologie/ecologie_00016_Sprite.uasset" 621
"../../../UnrealProject/Content/Textures/Pictograms/iconepop/ecologie/ecologie_00017.uasset" 622
"../../../UnrealProject/Content/Textures/Pictograms/iconepop/ecologie/ecologie_00017_Sprite.uasset" 623
"../../../UnrealProject/Content/Textures/Pictograms/iconepop/ecologie/ecologie_00018.uasset" 624
"../../../UnrealProject/Content/Textures/Pictograms/iconepop/ecologie/ecologie_00018_Sprite.uasset" 625
"../../../UnrealProject/Content/Textures/Pictograms/iconepop/ecologie/ecologie_00019.uasset" 626
"../../../UnrealProject/Content/Textures/Pictograms/iconepop/ecologie/ecologie_00019_Sprite.uasset" 627
"../../../UnrealProject/Content/Textures/Pictograms/iconepop/ecologie/ecologie_00020.uasset" 628
"../../../UnrealProject/Content/Textures/Pictograms/iconepop/ecologie/ecologie_00020_Sprite.uasset" 629
"../../../UnrealProject/Content/Textures/Pictograms/iconepop/ecologie/ecologie_00021.uasset" 630
"../../../UnrealProject/Content/Textures/Pictograms/iconepop/ecologie/ecologie_00021_Sprite.uasset" 631
"../../../UnrealProject/Content/Textures/Pictograms/iconepop/ecologie/ecologie_00022.uasset" 632
"../../../UnrealProject/Content/Textures/Pictograms/iconepop/ecologie/ecologie_00022_Sprite.uasset" 633
"../../../UnrealProject/Content/Textures/Pictograms/iconepop/ecologie/ecologie_00023.uasset" 634
"../../../UnrealProject/Content/Textures/Pictograms/iconepop/ecologie/ecologie_00023_Sprite.uasset" 635
"../../../UnrealProject/Content/Textures/Pictograms/iconepop/ecologie/ecologie_00024.uasset" 636
"../../../UnrealProject/Content/Textures/Pictograms/iconepop/ecologie/ecologie_00024_Sprite.uasset" 637
"../../../UnrealProject/Content/Textures/Pictograms/iconepop/ecologie/ecologie_00025.uasset" 638
"../../../UnrealProject/Content/Textures/Pictograms/iconepop/ecologie/ecologie_00025_Sprite.uasset" 639
"../../../UnrealProject/Content/Textures/Pictograms/iconepop/ecologie/ecologie_00026.uasset" 640
"../../../UnrealProject/Content/Textures/Pictograms/iconepop/ecologie/ecologie_00026_Sprite.uasset" 641
"../../../UnrealProject/Content/Textures/Pictograms/iconepop/ecologie/ecologie_00027.uasset" 642
"../../../UnrealProject/Content/Textures/Pictograms/iconepop/ecologie/ecologie_00027_Sprite.uasset" 643
"../../../UnrealProject/Content/Textures/Pictograms/FB_Recycle.uasset" 644
"../../../UnrealProject/Content/Textures/Pictograms/iconepop/ecole/ecole_00000.uasset" 645
"../../../UnrealProject/Content/Textures/Pictograms/iconepop/ecole/ecole_00000_Sprite.uasset" 646
"../../../UnrealProject/Content/Textures/Pictograms/iconepop/ecole/ecole_00001.uasset" 647
"../../../UnrealProject/Content/Textures/Pictograms/iconepop/ecole/ecole_00001_Sprite.uasset" 648
"../../../UnrealProject/Content/Textures/Pictograms/iconepop/ecole/ecole_00002.uasset" 649
"../../../UnrealProject/Content/Textures/Pictograms/iconepop/ecole/ecole_00002_Sprite.uasset" 650
"../../../UnrealProject/Content/Textures/Pictograms/iconepop/ecole/ecole_00003.uasset" 651
"../../../UnrealProject/Content/Textures/Pictograms/iconepop/ecole/ecole_00003_Sprite.uasset" 652
"../../../UnrealProject/Content/Textures/Pictograms/iconepop/ecole/ecole_00004.uasset" 653
"../../../UnrealProject/Content/Textures/Pictograms/iconepop/ecole/ecole_00004_Sprite.uasset" 654
"../../../UnrealProject/Content/Textures/Pictograms/iconepop/ecole/ecole_00005.uasset" 655
"../../../UnrealProject/Content/Textures/Pictograms/iconepop/ecole/ecole_00005_Sprite.uasset" 656
"../../../UnrealProject/Content/Textures/Pictograms/iconepop/ecole/ecole_00006.uasset" 657
"../../../UnrealProject/Content/Textures/Pictograms/iconepop/ecole/ecole_00006_Sprite.uasset" 658
"../../../UnrealProject/Content/Textures/Pictograms/iconepop/ecole/ecole_00007.uasset" 659
"../../../UnrealProject/Content/Textures/Pictograms/iconepop/ecole/ecole_00007_Sprite.uasset" 660
"../../../UnrealProject/Content/Textures/Pictograms/iconepop/ecole/ecole_00008.uasset" 661
"../../../UnrealProject/Content/Textures/Pictograms/iconepop/ecole/ecole_00008_Sprite.uasset" 662
"../../../UnrealProject/Content/Textures/Pictograms/iconepop/ecole/ecole_00009.uasset" 663
"../../../UnrealProject/Content/Textures/Pictograms/iconepop/ecole/ecole_00009_Sprite.uasset" 664
"../../../UnrealProject/Content/Textures/Pictograms/iconepop/ecole/ecole_00010.uasset" 665
"../../../UnrealProject/Content/Textures/Pictograms/iconepop/ecole/ecole_00010_Sprite.uasset" 666
"../../../UnrealProject/Content/Textures/Pictograms/iconepop/ecole/ecole_00011.uasset" 667
"../../../UnrealProject/Content/Textures/Pictograms/iconepop/ecole/ecole_00011_Sprite.uasset" 668
"../../../UnrealProject/Content/Textures/Pictograms/iconepop/ecole/ecole_00012.uasset" 669
"../../../UnrealProject/Content/Textures/Pictograms/iconepop/ecole/ecole_00012_Sprite.uasset" 670
"../../../UnrealProject/Content/Textures/Pictograms/iconepop/ecole/ecole_00013.uasset" 671
"../../../UnrealProject/Content/Textures/Pictograms/iconepop/ecole/ecole_00013_Sprite.uasset" 672
"../../../UnrealProject/Content/Textures/Pictograms/iconepop/ecole/ecole_00014.uasset" 673
"../../../UnrealProject/Content/Textures/Pictograms/iconepop/ecole/ecole_00014_Sprite.uasset" 674
"../../../UnrealProject/Content/Textures/Pictograms/iconepop/ecole/ecole_00015.uasset" 675
"../../../UnrealProject/Content/Textures/Pictograms/iconepop/ecole/ecole_00015_Sprite.uasset" 676
"../../../UnrealProject/Content/Textures/Pictograms/iconepop/ecole/ecole_00016.uasset" 677
"../../../UnrealProject/Content/Textures/Pictograms/iconepop/ecole/ecole_00016_Sprite.uasset" 678
"../../../UnrealProject/Content/Textures/Pictograms/iconepop/ecole/ecole_00017.uasset" 679
"../../../UnrealProject/Content/Textures/Pictograms/iconepop/ecole/ecole_00017_Sprite.uasset" 680
"../../../UnrealProject/Content/Textures/Pictograms/iconepop/ecole/ecole_00018.uasset" 681
"../../../UnrealProject/Content/Textures/Pictograms/iconepop/ecole/ecole_00018_Sprite.uasset" 682
"../../../UnrealProject/Content/Textures/Pictograms/iconepop/ecole/ecole_00019.uasset" 683
"../../../UnrealProject/Content/Textures/Pictograms/iconepop/ecole/ecole_00019_Sprite.uasset" 684
"../../../UnrealProject/Content/Textures/Pictograms/iconepop/ecole/ecole_00020.uasset" 685
"../../../UnrealProject/Content/Textures/Pictograms/iconepop/ecole/ecole_00020_Sprite.uasset" 686
"../../../UnrealProject/Content/Textures/Pictograms/iconepop/ecole/ecole_00021.uasset" 687
"../../../UnrealProject/Content/Textures/Pictograms/iconepop/ecole/ecole_00021_Sprite.uasset" 688
"../../../UnrealProject/Content/Textures/Pictograms/iconepop/ecole/ecole_00022.uasset" 689
"../../../UnrealProject/Content/Textures/Pictograms/iconepop/ecole/ecole_00022_Sprite.uasset" 690
"../../../UnrealProject/Content/Textures/Pictograms/iconepop/ecole/ecole_00023.uasset" 691
"../../../UnrealProject/Content/Textures/Pictograms/iconepop/ecole/ecole_00023_Sprite.uasset" 692
"../../../UnrealProject/Content/Textures/Pictograms/iconepop/ecole/ecole_00024.uasset" 693
"../../../UnrealProject/Content/Textures/Pictograms/iconepop/ecole/ecole_00024_Sprite.uasset" 694
"../../../UnrealProject/Content/Textures/Pictograms/iconepop/ecole/ecole_00025.uasset" 695
"../../../UnrealProject/Content/Textures/Pictograms/iconepop/ecole/ecole_00025_Sprite.uasset" 696
"../../../UnrealProject/Content/Textures/Pictograms/iconepop/ecole/ecole_00026.uasset" 697
"../../../UnrealProject/Content/Textures/Pictograms/iconepop/ecole/ecole_00026_Sprite.uasset" 698
"../../../UnrealProject/Content/Textures/Pictograms/iconepop/ecole/ecole_00027.uasset" 699
"../../../UnrealProject/Content/Textures/Pictograms/iconepop/ecole/ecole_00027_Sprite.uasset" 700
"../../../UnrealProject/Content/Textures/Pictograms/FB_Studys.uasset" 701
"../../../UnrealProject/Content/Blueprints/BP_BubbleActor.uasset" 702
"../../../UnrealProject/Content/Blueprints/Root.uasset" 703
"../../../Engine/Plugins/Runtime/LeapMotion/Content/Blueprints/Interfaces/AnimBodyInterface.uasset" 704
"../../../Engine/Plugins/Runtime/LeapMotion/Content/Blueprints/Interfaces/LeapMeshSocketQueryInterface.uasset" 705
"../../../Engine/Plugins/Runtime/LeapMotion/Content/Character/Echo/hands_lo_Skeleton.uasset" 706
"../../../Engine/Plugins/Runtime/LeapMotion/Content/Character/Echo/LeapEchoHands_AnimBlueprint.uasset" 707
"../../../Engine/Plugins/Runtime/LeapMotion/Content/Blueprints/Interfaces/LeapHandVisibilityInterface.uasset" 708
"../../../Engine/Plugins/Runtime/LeapMotion/Content/Blueprints/Rigging/FloatingHands/LeapHandsActorBase.uasset" 709
"../../../Engine/Plugins/Runtime/LeapMotion/Content/Character/Echo/hand_mat.uasset" 710
"../../../Engine/Plugins/Runtime/LeapMotion/Content/Character/Echo/echo_lo_L_PhysicsAsset.uasset" 711
"../../../Engine/Plugins/Runtime/LeapMotion/Content/Character/Echo/echo_lo_L.uasset" 712
"../../../Engine/Plugins/Runtime/LeapMotion/Content/Character/Echo/echo_lo_R_PhysicsAsset.uasset" 713
"../../../Engine/Plugins/Runtime/LeapMotion/Content/Character/Echo/echo_lo_R.uasset" 714
"../../../Engine/Plugins/Runtime/LeapMotion/Content/Blueprints/Rigging/FloatingHands/LeapRiggedEchoHandsActor.uasset" 715
"../../../UnrealProject/Content/Materials/Bubbles/M_Hands.uasset" 716
"../../../UnrealProject/Content/Blueprints/CityMapActor.uasset" 717
"../../../UnrealProject/Content/NewBlueprint.uasset" 718
"../../../UnrealProject/Content/Mesh/City/city_NY_Remesh_vertices.uasset" 719
"../../../UnrealProject/Content/Mesh/city_NY_Remesh_05.uasset" 720
"../../../UnrealProject/Content/Levels/Damien.umap" 721
"../../../UnrealProject/Content/Levels/GenerationCpp.umap" 722
"../../../UnrealProject/Content/Levels/Noellie.umap" 723
"../../../Engine/Content/EngineSky/C_Sky_Cloud_Color.uasset" 724
"../../../Engine/Content/EngineSky/C_Sky_Horizon_Color.uasset" 725
"../../../Engine/Content/EngineSky/C_Sky_Zenith_Color.uasset" 726
"../../../Engine/Content/EngineSky/T_Sky_Blue.uasset" 727
"../../../Engine/Content/EngineSky/T_Sky_Clouds_M.uasset" 728
"../../../Engine/Content/EngineSky/T_Sky_Stars.uasset" 729
"../../../Engine/Content/EngineSky/M_Sky_Panning_Clouds2.uasset" 730
"../../../Engine/Content/EngineSky/SM_SkySphere.uasset" 731
"../../../Engine/Content/EngineSky/BP_Sky_Sphere.uasset" 732
"../../../Engine/Content/MapTemplates/SM_Template_Map_Floor.uasset" 733
"../../../Engine/Content/Maps/Templates/Template_Default.umap" 734
"../../../UnrealProject/Content/Materials/City/M_CityFlat.uasset" 735
"../../../UnrealProject/Content/Materials/City/M_Room.uasset" 736
"../../../UnrealProject/Content/Mesh/Cylinder.uasset" 737
"../../../UnrealProject/Content/Levels/Noellie_2.umap" 738
